#
# There is insufficient memory for the Java Runtime Environment to continue.
# Native memory allocation (malloc) failed to allocate 350960 bytes for Chunk::new
# Possible reasons:
#   The system is out of physical RAM or swap space
#   The process is running with CompressedOops enabled, and the Java Heap may be blocking the growth of the native heap
# Possible solutions:
#   Reduce memory load on the system
#   Increase physical memory or swap space
#   Check if swap backing store is full
#   Decrease Java heap size (-Xmx/-Xms)
#   Decrease number of Java threads
#   Decrease Java thread stack sizes (-Xss)
#   Set larger code cache with -XX:ReservedCodeCacheSize=
#   JVM is running with Unscaled Compressed Oops mode in which the Java heap is
#     placed in the first 4GB address space. The Java Heap base address is the
#     maximum limit for the native heap growth. Please use -XX:HeapBaseMinAddress
#     to set the Java Heap base and to place the Java Heap above 4GB virtual address.
# This output file may be truncated or incomplete.
#
#  Out of Memory Error (arena.cpp:189), pid=1940, tid=5784
#
# JRE version: OpenJDK Runtime Environment Temurin-17.0.3+7 (17.0.3+7) (build 17.0.3+7)
# Java VM: OpenJDK 64-Bit Server VM Temurin-17.0.3+7 (17.0.3+7, mixed mode, tiered, compressed oops, compressed class ptrs, parallel gc, windows-amd64)
# No core dump will be written. Minidumps are not enabled by default on client versions of Windows
#

---------------  S U M M A R Y ------------

Command Line: --add-modules=ALL-SYSTEM --add-opens=java.base/java.util=ALL-UNNAMED --add-opens=java.base/java.lang=ALL-UNNAMED --add-opens=java.base/sun.nio.fs=ALL-UNNAMED -Declipse.application=org.eclipse.jdt.ls.core.id1 -Dosgi.bundles.defaultStartLevel=4 -Declipse.product=org.eclipse.jdt.ls.core.product -Djava.import.generatesMetadataFilesAtProjectRoot=false -Dfile.encoding=utf8 -DwatchParentProcess=false -XX:+UseParallelGC -XX:GCTimeRatio=4 -XX:AdaptiveSizePolicyWeight=90 -Dsun.zip.disableMemoryMapping=true -Xmx1G -Xms100m -XX:+HeapDumpOnOutOfMemoryError -XX:HeapDumpPath=c:\Users\grcor\AppData\Roaming\Code\User\workspaceStorage\a9f7b8264992395997b1cde2720797f1\redhat.java c:\Users\grcor\.vscode\extensions\redhat.java-1.7.0-win32-x64\server\plugins\org.eclipse.equinox.launcher_1.6.400.v20210924-0641.jar -configuration c:\Users\grcor\AppData\Roaming\Code\User\globalStorage\redhat.java\1.7.0\config_win -data c:\Users\grcor\AppData\Roaming\Code\User\workspaceStorage\a9f7b8264992395997b1cde2720797f1\redhat.java\jdt_ws

Host: Intel(R) Celeron(R) N4000 CPU @ 1.10GHz, 2 cores, 3G,  Windows 11 , 64 bit Build 22000 (10.0.22000.675)
Time: Sun Jun 19 17:17:38 2022 Hora oficial do Brasil elapsed time: 16.493931 seconds (0d 0h 0m 16s)

---------------  T H R E A D  ---------------

Current thread (0x00000206962a68c0):  JavaThread "C2 CompilerThread0" daemon [_thread_in_native, id=5784, stack(0x00000083df200000,0x00000083df300000)]


Current CompileTask:
C2:  16494 2320       4       java.lang.String::<init> (830 bytes)

Stack: [0x00000083df200000,0x00000083df300000]
Native frames: (J=compiled Java code, j=interpreted, Vv=VM code, C=native code)
V  [jvm.dll+0x675efa]
V  [jvm.dll+0x830a24]
V  [jvm.dll+0x8321ce]
V  [jvm.dll+0x832833]
V  [jvm.dll+0x2454b5]
V  [jvm.dll+0xabd7b]
V  [jvm.dll+0xac30c]
V  [jvm.dll+0x363627]
V  [jvm.dll+0x32dca1]
V  [jvm.dll+0x32d14a]
V  [jvm.dll+0x218361]
V  [jvm.dll+0x217781]
V  [jvm.dll+0x1a3ccd]
V  [jvm.dll+0x227178]
V  [jvm.dll+0x2252bc]
V  [jvm.dll+0x7e673b]
V  [jvm.dll+0x7e0cfa]
V  [jvm.dll+0x674d85]
C  [ucrtbase.dll+0x26c0c]
C  [KERNEL32.DLL+0x154e0]
C  [ntdll.dll+0x485b]


---------------  P R O C E S S  ---------------

Threads class SMR info:
_java_thread_list=0x0000020699193680, length=22, elements={
0x00000206824967f0, 0x000002069625f030, 0x000002069625fea0, 0x000002069628f330,
0x00000206962920b0, 0x00000206962a4170, 0x00000206962a5b30, 0x00000206962a68c0,
0x00000206962a7360, 0x0000020696307aa0, 0x00000206976c2d40, 0x000002069782e050,
0x0000020697d51870, 0x0000020697b76f00, 0x0000020697b77680, 0x0000020697a75110,
0x0000020697a84b60, 0x0000020697ea9b10, 0x0000020699061930, 0x0000020699061e00,
0x00000206990622d0, 0x0000020699060ac0
}

Java Threads: ( => current thread )
  0x00000206824967f0 JavaThread "main" [_thread_blocked, id=7244, stack(0x00000083de800000,0x00000083de900000)]
  0x000002069625f030 JavaThread "Reference Handler" daemon [_thread_blocked, id=22444, stack(0x00000083dec00000,0x00000083ded00000)]
  0x000002069625fea0 JavaThread "Finalizer" daemon [_thread_blocked, id=18356, stack(0x00000083ded00000,0x00000083dee00000)]
  0x000002069628f330 JavaThread "Signal Dispatcher" daemon [_thread_blocked, id=20136, stack(0x00000083dee00000,0x00000083def00000)]
  0x00000206962920b0 JavaThread "Attach Listener" daemon [_thread_blocked, id=17036, stack(0x00000083def00000,0x00000083df000000)]
  0x00000206962a4170 JavaThread "Service Thread" daemon [_thread_blocked, id=16676, stack(0x00000083df000000,0x00000083df100000)]
  0x00000206962a5b30 JavaThread "Monitor Deflation Thread" daemon [_thread_blocked, id=5468, stack(0x00000083df100000,0x00000083df200000)]
=>0x00000206962a68c0 JavaThread "C2 CompilerThread0" daemon [_thread_in_native, id=5784, stack(0x00000083df200000,0x00000083df300000)]
  0x00000206962a7360 JavaThread "C1 CompilerThread0" daemon [_thread_blocked, id=10760, stack(0x00000083df300000,0x00000083df400000)]
  0x0000020696307aa0 JavaThread "Sweeper thread" daemon [_thread_blocked, id=2792, stack(0x00000083df400000,0x00000083df500000)]
  0x00000206976c2d40 JavaThread "Common-Cleaner" daemon [_thread_blocked, id=10536, stack(0x00000083df500000,0x00000083df600000)]
  0x000002069782e050 JavaThread "Notification Thread" daemon [_thread_blocked, id=17728, stack(0x00000083df600000,0x00000083df700000)]
  0x0000020697d51870 JavaThread "Active Thread: Equinox Container: 6d8bf52b-d6d2-45b0-a641-41220584717e" [_thread_blocked, id=8800, stack(0x00000083df800000,0x00000083df900000)]
  0x0000020697b76f00 JavaThread "Framework Event Dispatcher: Equinox Container: 6d8bf52b-d6d2-45b0-a641-41220584717e" daemon [_thread_blocked, id=10140, stack(0x00000083df900000,0x00000083dfa00000)]
  0x0000020697b77680 JavaThread "Start Level: Equinox Container: 6d8bf52b-d6d2-45b0-a641-41220584717e" daemon [_thread_in_vm, id=10920, stack(0x00000083dfa00000,0x00000083dfb00000)]
  0x0000020697a75110 JavaThread "SCR Component Actor" daemon [_thread_blocked, id=22508, stack(0x00000083dfc00000,0x00000083dfd00000)]
  0x0000020697a84b60 JavaThread "Timer-0" [_thread_blocked, id=10488, stack(0x00000083dfd00000,0x00000083dfe00000)]
  0x0000020697ea9b10 JavaThread "Bundle File Closer" daemon [_thread_blocked, id=13868, stack(0x00000083dfe00000,0x00000083dff00000)]
  0x0000020699061930 JavaThread "Worker-JM" [_thread_blocked, id=6012, stack(0x00000083dff00000,0x00000083e0000000)]
  0x0000020699061e00 JavaThread "Worker-0: Checking project encoding" [_thread_blocked, id=19636, stack(0x00000083e0000000,0x00000083e0100000)]
  0x00000206990622d0 JavaThread "Worker-1: Refreshing workspace" [_thread_blocked, id=11896, stack(0x00000083e0100000,0x00000083e0200000)]
  0x0000020699060ac0 JavaThread "Worker-2" [_thread_blocked, id=20784, stack(0x00000083e0200000,0x00000083e0300000)]

Other Threads:
  0x0000020696247a10 VMThread "VM Thread" [stack: 0x00000083deb00000,0x00000083dec00000] [id=6272]
  0x000002069782e520 WatcherThread [stack: 0x00000083df700000,0x00000083df800000] [id=13284]
  0x00000206824aa4a0 GCTaskThread "GC Thread#0" [stack: 0x00000083dea00000,0x00000083deb00000] [id=13440]
  0x0000020697b77b50 GCTaskThread "GC Thread#1" [stack: 0x00000083dfb00000,0x00000083dfc00000] [id=10208]

Threads with active compile tasks:
C2 CompilerThread0    16585 2320       4       java.lang.String::<init> (830 bytes)

VM state: not at safepoint (normal execution)

VM Mutex/Monitor currently owned by a thread: None

Heap address: 0x00000000c0000000, size: 1024 MB, Compressed Oops mode: 32-bit

CDS archive(s) not mapped
Compressed class space mapped at: 0x0000000100000000-0x0000000140000000, reserved size: 1073741824
Narrow klass base: 0x0000000000000000, Narrow klass shift: 3, Narrow klass range: 0x140000000

GC Precious Log:
 CPUs: 2 total, 2 available
 Memory: 3902M
 Large Page Support: Disabled
 NUMA Support: Disabled
 Compressed Oops: Enabled (32-bit)
 Alignments: Space 512K, Generation 512K, Heap 2M
 Heap Min Capacity: 100M
 Heap Initial Capacity: 100M
 Heap Max Capacity: 1G
 Pre-touch: Disabled
 Parallel Workers: 2

Heap:
 PSYoungGen      total 29696K, used 7552K [0x00000000eab00000, 0x00000000ecc00000, 0x0000000100000000)
  eden space 25600K, 13% used [0x00000000eab00000,0x00000000eae621b8,0x00000000ec400000)
  from space 4096K, 99% used [0x00000000ec800000,0x00000000ecbfdf40,0x00000000ecc00000)
  to   space 4096K, 0% used [0x00000000ec400000,0x00000000ec400000,0x00000000ec800000)
 ParOldGen       total 68608K, used 5637K [0x00000000c0000000, 0x00000000c4300000, 0x00000000eab00000)
  object space 68608K, 8% used [0x00000000c0000000,0x00000000c0581628,0x00000000c4300000)
 Metaspace       used 20385K, committed 20736K, reserved 1073152K
  class space    used 2065K, committed 2240K, reserved 1048576K

Card table byte_map: [0x0000020681e40000,0x0000020682050000] _byte_map_base: 0x0000020681840000

Marking Bits: (ParMarkBitMap*) 0x00007fff2c6b4b80
 Begin Bits: [0x0000020694110000, 0x0000020695110000)
 End Bits:   [0x0000020695110000, 0x0000020696110000)

Polling page: 0x0000020680360000

Metaspace:

Usage:
  Non-class:     17.89 MB used.
      Class:      2.02 MB used.
       Both:     19.91 MB used.

Virtual space:
  Non-class space:       24.00 MB reserved,      18.06 MB ( 75%) committed,  3 nodes.
      Class space:        1.00 GB reserved,       2.19 MB ( <1%) committed,  1 nodes.
             Both:        1.02 GB reserved,      20.25 MB (  2%) committed. 

Chunk freelists:
   Non-Class:  1.88 MB
       Class:  1.75 MB
        Both:  3.63 MB

MaxMetaspaceSize: unlimited
CompressedClassSpaceSize: 1.00 GB
Initial GC threshold: 21.00 MB
Current GC threshold: 21.00 MB
CDS: off
MetaspaceReclaimPolicy: balanced
 - commit_granule_bytes: 65536.
 - commit_granule_words: 8192.
 - virtual_space_node_default_size: 1048576.
 - enlarge_chunks_in_place: 1.
 - new_chunks_are_fully_committed: 0.
 - uncommit_free_chunks: 1.
 - use_allocation_guard: 0.
 - handle_deallocations: 1.


Internal statistics:

num_allocs_failed_limit: 0.
num_arena_births: 132.
num_arena_deaths: 0.
num_vsnodes_births: 4.
num_vsnodes_deaths: 0.
num_space_committed: 324.
num_space_uncommitted: 0.
num_chunks_returned_to_freelist: 0.
num_chunks_taken_from_freelist: 581.
num_chunk_merges: 0.
num_chunk_splits: 368.
num_chunks_enlarged: 257.
num_purges: 0.
num_inconsistent_stats: 0.

CodeHeap 'non-profiled nmethods': size=120064Kb used=766Kb max_used=766Kb free=119297Kb
 bounds [0x000002068cbd0000, 0x000002068ce40000, 0x0000020694110000]
CodeHeap 'profiled nmethods': size=120000Kb used=4803Kb max_used=4803Kb free=115196Kb
 bounds [0x00000206856a0000, 0x0000020685b60000, 0x000002068cbd0000]
CodeHeap 'non-nmethods': size=5696Kb used=1176Kb max_used=1192Kb free=4519Kb
 bounds [0x0000020685110000, 0x0000020685380000, 0x00000206856a0000]
 total_blobs=2795 nmethods=2313 adapters=397
 compilation: enabled
              stopped_count=0, restarted_count=0
 full_count=0

Compilation events (20 events):
Event: 16.262 Thread 0x00000206962a7360 nmethod 2313 0x000002068cc8ea90 code [0x000002068cc8ec20, 0x000002068cc8ecf8]
Event: 16.271 Thread 0x00000206962a7360 2314       3       java.net.URL::<init> (9 bytes)
Event: 16.272 Thread 0x00000206962a7360 nmethod 2314 0x0000020685b4b310 code [0x0000020685b4b4a0, 0x0000020685b4b5e8]
Event: 16.280 Thread 0x00000206962a7360 2315       1       org.eclipse.osgi.internal.loader.classpath.TitleVersionVendor::getTitle (5 bytes)
Event: 16.280 Thread 0x00000206962a7360 nmethod 2315 0x000002068cc8ed90 code [0x000002068cc8ef20, 0x000002068cc8eff8]
Event: 16.280 Thread 0x00000206962a7360 2316       1       org.eclipse.osgi.internal.loader.classpath.TitleVersionVendor::getVersion (5 bytes)
Event: 16.280 Thread 0x00000206962a7360 nmethod 2316 0x000002068cc8f090 code [0x000002068cc8f220, 0x000002068cc8f2f8]
Event: 16.280 Thread 0x00000206962a7360 2317       1       org.eclipse.osgi.internal.loader.classpath.TitleVersionVendor::getVendor (5 bytes)
Event: 16.281 Thread 0x00000206962a7360 nmethod 2317 0x000002068cc8f390 code [0x000002068cc8f520, 0x000002068cc8f5f8]
Event: 16.344 Thread 0x00000206962a7360 2318       1       org.eclipse.osgi.internal.hookregistry.HookRegistry::getBundleFileWrapperFactoryHooks (5 bytes)
Event: 16.344 Thread 0x00000206962a7360 nmethod 2318 0x000002068cc8f690 code [0x000002068cc8f820, 0x000002068cc8f8f8]
Event: 16.345 Thread 0x00000206962a7360 2319   !   3       sun.nio.fs.WindowsPath::getPathForWin32Calls (135 bytes)
Event: 16.347 Thread 0x00000206962a7360 nmethod 2319 0x0000020685b4b690 code [0x0000020685b4b920, 0x0000020685b4c6d8]
Event: 16.417 Thread 0x00000206962a68c0 2320       4       java.lang.String::<init> (830 bytes)
Event: 16.428 Thread 0x00000206962a7360 2321       3       java.io.File::slashify (84 bytes)
Event: 16.430 Thread 0x00000206962a7360 nmethod 2321 0x0000020685b4cb10 code [0x0000020685b4ce20, 0x0000020685b4dca8]
Event: 16.445 Thread 0x00000206962a7360 2322       3       org.eclipse.osgi.internal.loader.classpath.ManifestPackageAttributes::or (10 bytes)
Event: 16.446 Thread 0x00000206962a7360 nmethod 2322 0x0000020685b4e210 code [0x0000020685b4e3a0, 0x0000020685b4e4d8]
Event: 16.446 Thread 0x00000206962a7360 2323       3       java.io.File::toURL (40 bytes)
Event: 16.447 Thread 0x00000206962a7360 nmethod 2323 0x0000020685b4e590 code [0x0000020685b4e7e0, 0x0000020685b4f058]

GC Heap History (4 events):
Event: 9.798 GC heap before
{Heap before GC invocations=1 (full 0):
 PSYoungGen      total 29696K, used 25600K [0x00000000eab00000, 0x00000000ecc00000, 0x0000000100000000)
  eden space 25600K, 100% used [0x00000000eab00000,0x00000000ec400000,0x00000000ec400000)
  from space 4096K, 0% used [0x00000000ec800000,0x00000000ec800000,0x00000000ecc00000)
  to   space 4096K, 0% used [0x00000000ec400000,0x00000000ec400000,0x00000000ec800000)
 ParOldGen       total 68608K, used 0K [0x00000000c0000000, 0x00000000c4300000, 0x00000000eab00000)
  object space 68608K, 0% used [0x00000000c0000000,0x00000000c0000000,0x00000000c4300000)
 Metaspace       used 12865K, committed 13056K, reserved 1064960K
  class space    used 1299K, committed 1408K, reserved 1048576K
}
Event: 9.852 GC heap after
{Heap after GC invocations=1 (full 0):
 PSYoungGen      total 29696K, used 4072K [0x00000000eab00000, 0x00000000ecc00000, 0x0000000100000000)
  eden space 25600K, 0% used [0x00000000eab00000,0x00000000eab00000,0x00000000ec400000)
  from space 4096K, 99% used [0x00000000ec400000,0x00000000ec7fa2d8,0x00000000ec800000)
  to   space 4096K, 0% used [0x00000000ec800000,0x00000000ec800000,0x00000000ecc00000)
 ParOldGen       total 68608K, used 542K [0x00000000c0000000, 0x00000000c4300000, 0x00000000eab00000)
  object space 68608K, 0% used [0x00000000c0000000,0x00000000c0087810,0x00000000c4300000)
 Metaspace       used 12865K, committed 13056K, reserved 1064960K
  class space    used 1299K, committed 1408K, reserved 1048576K
}
Event: 15.677 GC heap before
{Heap before GC invocations=2 (full 0):
 PSYoungGen      total 29696K, used 29672K [0x00000000eab00000, 0x00000000ecc00000, 0x0000000100000000)
  eden space 25600K, 100% used [0x00000000eab00000,0x00000000ec400000,0x00000000ec400000)
  from space 4096K, 99% used [0x00000000ec400000,0x00000000ec7fa2d8,0x00000000ec800000)
  to   space 4096K, 0% used [0x00000000ec800000,0x00000000ec800000,0x00000000ecc00000)
 ParOldGen       total 68608K, used 542K [0x00000000c0000000, 0x00000000c4300000, 0x00000000eab00000)
  object space 68608K, 0% used [0x00000000c0000000,0x00000000c0087810,0x00000000c4300000)
 Metaspace       used 19960K, committed 20352K, reserved 1073152K
  class space    used 2021K, committed 2240K, reserved 1048576K
}
Event: 15.702 GC heap after
{Heap after GC invocations=2 (full 0):
 PSYoungGen      total 29696K, used 4087K [0x00000000eab00000, 0x00000000ecc00000, 0x0000000100000000)
  eden space 25600K, 0% used [0x00000000eab00000,0x00000000eab00000,0x00000000ec400000)
  from space 4096K, 99% used [0x00000000ec800000,0x00000000ecbfdf40,0x00000000ecc00000)
  to   space 4096K, 0% used [0x00000000ec400000,0x00000000ec400000,0x00000000ec800000)
 ParOldGen       total 68608K, used 5637K [0x00000000c0000000, 0x00000000c4300000, 0x00000000eab00000)
  object space 68608K, 8% used [0x00000000c0000000,0x00000000c0581628,0x00000000c4300000)
 Metaspace       used 19960K, committed 20352K, reserved 1073152K
  class space    used 2021K, committed 2240K, reserved 1048576K
}

Deoptimization events (20 events):
Event: 15.217 Thread 0x0000020697b77680 Uncommon trap: trap_request=0xffffffc6 fr.pc=0x000002068cc7ea8c relative=0x000000000000046c
Event: 15.217 Thread 0x0000020697b77680 Uncommon trap: reason=bimorphic_or_optimized_type_check action=maybe_recompile pc=0x000002068cc7ea8c method=java.io.DataInputStream.readByte()B @ 4 c2
Event: 15.217 Thread 0x0000020697b77680 DEOPT PACKING pc=0x000002068cc7ea8c sp=0x00000083dfaf9680
Event: 15.217 Thread 0x0000020697b77680 DEOPT UNPACKING pc=0x000002068516209d sp=0x00000083dfaf9638 mode 2
Event: 15.217 Thread 0x0000020697b77680 Uncommon trap: trap_request=0xffffffc6 fr.pc=0x000002068cc7ea8c relative=0x000000000000046c
Event: 15.217 Thread 0x0000020697b77680 Uncommon trap: reason=bimorphic_or_optimized_type_check action=maybe_recompile pc=0x000002068cc7ea8c method=java.io.DataInputStream.readByte()B @ 4 c2
Event: 15.217 Thread 0x0000020697b77680 DEOPT PACKING pc=0x000002068cc7ea8c sp=0x00000083dfaf9680
Event: 15.217 Thread 0x0000020697b77680 DEOPT UNPACKING pc=0x000002068516209d sp=0x00000083dfaf9638 mode 2
Event: 15.235 Thread 0x0000020697b77680 Uncommon trap: trap_request=0xffffff45 fr.pc=0x000002068cc8a4d4 relative=0x0000000000000b54
Event: 15.235 Thread 0x0000020697b77680 Uncommon trap: reason=unstable_if action=reinterpret pc=0x000002068cc8a4d4 method=java.io.DataInputStream.readInt()I @ 41 c2
Event: 15.235 Thread 0x0000020697b77680 DEOPT PACKING pc=0x000002068cc8a4d4 sp=0x00000083dfaf97d0
Event: 15.235 Thread 0x0000020697b77680 DEOPT UNPACKING pc=0x000002068516209d sp=0x00000083dfaf9790 mode 2
Event: 15.279 Thread 0x0000020697b77680 DEOPT PACKING pc=0x0000020685b1134e sp=0x00000083dfaf9540
Event: 15.279 Thread 0x0000020697b77680 DEOPT UNPACKING pc=0x0000020685162824 sp=0x00000083dfaf8988 mode 0
Event: 15.663 Thread 0x0000020697b77680 Uncommon trap: trap_request=0xffffff45 fr.pc=0x000002068cc6613c relative=0x000000000000037c
Event: 15.663 Thread 0x0000020697b77680 Uncommon trap: reason=unstable_if action=reinterpret pc=0x000002068cc6613c method=com.sun.org.apache.xerces.internal.impl.io.UTF8Reader.read([CII)I @ 131 c2
Event: 15.663 Thread 0x0000020697b77680 DEOPT PACKING pc=0x000002068cc6613c sp=0x00000083dfaf9330
Event: 15.663 Thread 0x0000020697b77680 DEOPT UNPACKING pc=0x000002068516209d sp=0x00000083dfaf9268 mode 2
Event: 16.262 Thread 0x0000020697b77680 DEOPT PACKING pc=0x0000020685b1134e sp=0x00000083dfaf2eb0
Event: 16.262 Thread 0x0000020697b77680 DEOPT UNPACKING pc=0x0000020685162824 sp=0x00000083dfaf22f8 mode 0

Classes unloaded (0 events):
No events

Classes redefined (0 events):
No events

Internal exceptions (20 events):
Event: 6.363 Thread 0x00000206824967f0 Implicit null exception at 0x000002068cc091ec to 0x000002068cc093cc
Event: 6.363 Thread 0x00000206824967f0 Implicit null exception at 0x000002068cbda28f to 0x000002068cbda305
Event: 6.723 Thread 0x00000206824967f0 Exception <a 'java/lang/NoSuchMethodError'{0x00000000eb8427c8}: 'int java.lang.invoke.DirectMethodHandle$Holder.invokeStaticInit(java.lang.Object, java.lang.Object, java.lang.Object, java.lang.Object)'> (0x00000000eb8427c8) 
thrown [e:\jenkins\tmp\workspace\build\src\src\hotspot\share\interpreter\linkResolver.cpp, line 766]
Event: 6.729 Thread 0x00000206824967f0 Exception <a 'java/lang/NoSuchMethodError'{0x00000000eb84ce38}: 'java.lang.Object java.lang.invoke.DirectMethodHandle$Holder.invokeInterface(java.lang.Object, java.lang.Object)'> (0x00000000eb84ce38) 
thrown [e:\jenkins\tmp\workspace\build\src\src\hotspot\share\interpreter\linkResolver.cpp, line 766]
Event: 6.734 Thread 0x00000206824967f0 Exception <a 'java/lang/IncompatibleClassChangeError'{0x00000000eb850630}: Found class java.lang.Object, but interface was expected> (0x00000000eb850630) 
thrown [e:\jenkins\tmp\workspace\build\src\src\hotspot\share\interpreter\linkResolver.cpp, line 833]
Event: 6.736 Thread 0x00000206824967f0 Exception <a 'java/lang/NoSuchMethodError'{0x00000000eb853550}: 'void java.lang.invoke.DirectMethodHandle$Holder.invokeStatic(java.lang.Object, java.lang.Object)'> (0x00000000eb853550) 
thrown [e:\jenkins\tmp\workspace\build\src\src\hotspot\share\interpreter\linkResolver.cpp, line 766]
Event: 6.737 Thread 0x00000206824967f0 Exception <a 'java/lang/NoSuchMethodError'{0x00000000eb856d50}: 'void java.lang.invoke.DirectMethodHandle$Holder.invokeStaticInit(java.lang.Object, java.lang.Object)'> (0x00000000eb856d50) 
thrown [e:\jenkins\tmp\workspace\build\src\src\hotspot\share\interpreter\linkResolver.cpp, line 766]
Event: 6.755 Thread 0x00000206824967f0 Exception <a 'java/lang/NoSuchMethodError'{0x00000000eb85c8d0}: 'int java.lang.invoke.DirectMethodHandle$Holder.invokeStaticInit(java.lang.Object, java.lang.Object)'> (0x00000000eb85c8d0) 
thrown [e:\jenkins\tmp\workspace\build\src\src\hotspot\share\interpreter\linkResolver.cpp, line 766]
Event: 6.988 Thread 0x00000206824967f0 Exception <a 'java/lang/NoSuchMethodError'{0x00000000eb8adf50}: 'java.lang.Object java.lang.invoke.DirectMethodHandle$Holder.invokeStaticInit(java.lang.Object, int, int, int, int)'> (0x00000000eb8adf50) 
thrown [e:\jenkins\tmp\workspace\build\src\src\hotspot\share\interpreter\linkResolver.cpp, line 766]
Event: 7.560 Thread 0x00000206824967f0 Exception <a 'java/lang/NoSuchMethodError'{0x00000000eb8de058}: 'java.lang.Object java.lang.invoke.DirectMethodHandle$Holder.invokeStaticInit(java.lang.Object, java.lang.Object, int, int, int, int)'> (0x00000000eb8de058) 
thrown [e:\jenkins\tmp\workspace\build\src\src\hotspot\share\interpreter\linkResolver.cpp, line 766]
Event: 7.659 Thread 0x00000206824967f0 Exception <a 'java/lang/NoSuchMethodError'{0x00000000eb970e20}: 'void java.lang.invoke.DirectMethodHandle$Holder.invokeSpecial(java.lang.Object, java.lang.Object, java.lang.Object)'> (0x00000000eb970e20) 
thrown [e:\jenkins\tmp\workspace\build\src\src\hotspot\share\interpreter\linkResolver.cpp, line 766]
Event: 8.505 Thread 0x00000206824967f0 Exception <a 'java/lang/NoSuchMethodError'{0x00000000ebff7490}: 'java.lang.Object java.lang.invoke.DirectMethodHandle$Holder.newInvokeSpecial(java.lang.Object, int, java.lang.Object)'> (0x00000000ebff7490) 
thrown [e:\jenkins\tmp\workspace\build\src\src\hotspot\share\interpreter\linkResolver.cpp, line 766]
Event: 9.658 Thread 0x00000206824967f0 Exception <a 'java/lang/UnsatisfiedLinkError'{0x00000000ec34a5e0}: 'void org.eclipse.equinox.launcher.JNIBridge._update_splash()'> (0x00000000ec34a5e0) 
thrown [e:\jenkins\tmp\workspace\build\src\src\hotspot\share\prims\nativeLookup.cpp, line 543]
Event: 9.998 Thread 0x0000020697b77680 Exception <a 'java/lang/NoSuchMethodError'{0x00000000eac6bb00}: 'java.lang.Object java.lang.invoke.DirectMethodHandle$Holder.invokeStaticInit(java.lang.Object)'> (0x00000000eac6bb00) 
thrown [e:\jenkins\tmp\workspace\build\src\src\hotspot\share\interpreter\linkResolver.cpp, line 766]
Event: 10.973 Thread 0x0000020697b77680 Exception <a 'java/io/FileNotFoundException'{0x00000000eaff2940}> (0x00000000eaff2940) 
thrown [e:\jenkins\tmp\workspace\build\src\src\hotspot\share\prims\jni.cpp, line 516]
Event: 14.395 Thread 0x0000020697b77680 Exception <a 'java/lang/NoSuchMethodError'{0x00000000ebf3c8d0}: 'void java.lang.invoke.DirectMethodHandle$Holder.invokeInterface(java.lang.Object, java.lang.Object, java.lang.Object)'> (0x00000000ebf3c8d0) 
thrown [e:\jenkins\tmp\workspace\build\src\src\hotspot\share\interpreter\linkResolver.cpp, line 766]
Event: 14.736 Thread 0x0000020697b77680 Exception <a 'java/lang/NoSuchMethodError'{0x00000000ec0d1850}: 'java.lang.Object java.lang.invoke.Invokers$Holder.invokeExact_MT(java.lang.Object, java.lang.Object, java.lang.Object, java.lang.Object, java.lang.Object, java.lang.Object)'> (0x00000000ec0d1850) 
thrown [e:\jenkins\tmp\workspace\build\src\src\hotspot\share\interpreter\linkResolver.cpp, line 766]
Event: 14.793 Thread 0x0000020697b77680 Exception <a 'java/io/FileNotFoundException'{0x00000000ec1164d0}> (0x00000000ec1164d0) 
thrown [e:\jenkins\tmp\workspace\build\src\src\hotspot\share\prims\jni.cpp, line 516]
Event: 15.925 Thread 0x0000020697b77680 Exception <a 'java/lang/NoSuchMethodError'{0x00000000eab7d058}: 'int java.lang.invoke.DirectMethodHandle$Holder.invokeStaticInit(java.lang.Object, java.lang.Object, java.lang.Object)'> (0x00000000eab7d058) 
thrown [e:\jenkins\tmp\workspace\build\src\src\hotspot\share\interpreter\linkResolver.cpp, line 766]
Event: 15.939 Thread 0x0000020697b77680 Exception <a 'java/lang/IncompatibleClassChangeError'{0x00000000eac37690}: Found class java.lang.Object, but interface was expected> (0x00000000eac37690) 
thrown [e:\jenkins\tmp\workspace\build\src\src\hotspot\share\interpreter\linkResolver.cpp, line 833]

VM Operations (20 events):
Event: 9.798 Executing VM operation: ParallelGCFailedAllocation
Event: 9.852 Executing VM operation: ParallelGCFailedAllocation done
Event: 10.114 Executing VM operation: HandshakeAllThreads
Event: 10.115 Executing VM operation: HandshakeAllThreads done
Event: 11.119 Executing VM operation: Cleanup
Event: 11.120 Executing VM operation: Cleanup done
Event: 13.120 Executing VM operation: Cleanup
Event: 13.129 Executing VM operation: Cleanup done
Event: 13.966 Executing VM operation: HandshakeAllThreads
Event: 13.966 Executing VM operation: HandshakeAllThreads done
Event: 14.364 Executing VM operation: HandshakeAllThreads
Event: 14.364 Executing VM operation: HandshakeAllThreads done
Event: 14.364 Executing VM operation: Cleanup
Event: 14.364 Executing VM operation: Cleanup done
Event: 14.370 Executing VM operation: HandshakeAllThreads
Event: 14.370 Executing VM operation: HandshakeAllThreads done
Event: 14.904 Executing VM operation: HandshakeAllThreads
Event: 14.904 Executing VM operation: HandshakeAllThreads done
Event: 15.676 Executing VM operation: ParallelGCFailedAllocation
Event: 15.703 Executing VM operation: ParallelGCFailedAllocation done

Events (20 events):
Event: 15.349 loading class java/nio/file/AccessDeniedException done
Event: 15.349 loading class java/nio/file/NoSuchFileException
Event: 15.349 loading class java/nio/file/NoSuchFileException done
Event: 15.349 loading class java/nio/file/DirectoryNotEmptyException
Event: 15.349 loading class java/nio/file/DirectoryNotEmptyException done
Event: 15.386 loading class java/nio/file/attribute/DosFileAttributeView
Event: 15.386 loading class java/nio/file/attribute/DosFileAttributeView done
Event: 15.386 loading class sun/nio/fs/WindowsFileAttributeViews$Dos
Event: 15.387 loading class sun/nio/fs/WindowsFileAttributeViews$Dos done
Event: 15.467 loading class sun/nio/fs/WindowsUriSupport
Event: 15.467 loading class sun/nio/fs/WindowsUriSupport done
Event: 15.780 loading class java/util/function/LongUnaryOperator
Event: 15.780 loading class java/util/function/LongUnaryOperator done
Event: 15.915 Thread 0x0000020699061e00 Thread added: 0x0000020699061e00
Event: 15.930 loading class java/util/ImmutableCollections$Map1
Event: 15.930 loading class java/util/ImmutableCollections$Map1 done
Event: 15.930 loading class java/io/DataOutputStream
Event: 15.931 loading class java/io/DataOutputStream done
Event: 16.117 Thread 0x00000206990622d0 Thread added: 0x00000206990622d0
Event: 16.374 Thread 0x0000020699060ac0 Thread added: 0x0000020699060ac0


Dynamic libraries:
0x00007ff6d2c20000 - 0x00007ff6d2c2e000 	c:\Users\grcor\.vscode\extensions\redhat.java-1.7.0-win32-x64\jre\17.0.3-win32-x86_64\bin\java.exe
0x00007fffa1940000 - 0x00007fffa1b49000 	C:\WINDOWS\SYSTEM32\ntdll.dll
0x00007fff9f970000 - 0x00007fff9fa2d000 	C:\WINDOWS\System32\KERNEL32.DLL
0x00007fff9f020000 - 0x00007fff9f399000 	C:\WINDOWS\System32\KERNELBASE.dll
0x00007fff9c3e0000 - 0x00007fff9c471000 	C:\WINDOWS\SYSTEM32\apphelp.dll
0x00007fff9ef00000 - 0x00007fff9f011000 	C:\WINDOWS\System32\ucrtbase.dll
0x00007fff8efe0000 - 0x00007fff8eff8000 	c:\Users\grcor\.vscode\extensions\redhat.java-1.7.0-win32-x64\jre\17.0.3-win32-x86_64\bin\jli.dll
0x00007fffa0520000 - 0x00007fffa06cc000 	C:\WINDOWS\System32\USER32.dll
0x00007fff9ee30000 - 0x00007fff9ee56000 	C:\WINDOWS\System32\win32u.dll
0x00007fff9f8e0000 - 0x00007fff9f909000 	C:\WINDOWS\System32\GDI32.dll
0x00007fff9f6c0000 - 0x00007fff9f7d2000 	C:\WINDOWS\System32\gdi32full.dll
0x00007fff9ee60000 - 0x00007fff9eefd000 	C:\WINDOWS\System32\msvcp_win.dll
0x00007fff8ef90000 - 0x00007fff8efa9000 	c:\Users\grcor\.vscode\extensions\redhat.java-1.7.0-win32-x64\jre\17.0.3-win32-x86_64\bin\VCRUNTIME140.dll
0x00007fff86f10000 - 0x00007fff871b5000 	C:\WINDOWS\WinSxS\amd64_microsoft.windows.common-controls_6595b64144ccf1df_6.0.22000.120_none_9d947278b86cc467\COMCTL32.dll
0x00007fffa0460000 - 0x00007fffa0503000 	C:\WINDOWS\System32\msvcrt.dll
0x00007fffa16f0000 - 0x00007fffa1721000 	C:\WINDOWS\System32\IMM32.DLL
0x00007fff97d80000 - 0x00007fff97d8c000 	c:\Users\grcor\.vscode\extensions\redhat.java-1.7.0-win32-x64\jre\17.0.3-win32-x86_64\bin\vcruntime140_1.dll
0x00007fff635c0000 - 0x00007fff63651000 	c:\Users\grcor\.vscode\extensions\redhat.java-1.7.0-win32-x64\jre\17.0.3-win32-x86_64\bin\msvcp140.dll
0x00007fff2bb30000 - 0x00007fff2c778000 	c:\Users\grcor\.vscode\extensions\redhat.java-1.7.0-win32-x64\jre\17.0.3-win32-x86_64\bin\server\jvm.dll
0x00007fffa0290000 - 0x00007fffa033e000 	C:\WINDOWS\System32\ADVAPI32.dll
0x00007fff9f840000 - 0x00007fff9f8de000 	C:\WINDOWS\System32\sechost.dll
0x00007fffa0e80000 - 0x00007fffa0fa0000 	C:\WINDOWS\System32\RPCRT4.dll
0x00007fffa1030000 - 0x00007fffa1038000 	C:\WINDOWS\System32\PSAPI.DLL
0x00007fff96c20000 - 0x00007fff96c29000 	C:\WINDOWS\SYSTEM32\WSOCK32.dll
0x00007fffa01b0000 - 0x00007fffa021f000 	C:\WINDOWS\System32\WS2_32.dll
0x00007fff97850000 - 0x00007fff97883000 	C:\WINDOWS\SYSTEM32\WINMM.dll
0x00007fff905f0000 - 0x00007fff905fa000 	C:\WINDOWS\SYSTEM32\VERSION.dll
0x00007fff9e020000 - 0x00007fff9e038000 	C:\WINDOWS\SYSTEM32\kernel.appcore.dll
0x00007fff97d70000 - 0x00007fff97d7a000 	c:\Users\grcor\.vscode\extensions\redhat.java-1.7.0-win32-x64\jre\17.0.3-win32-x86_64\bin\jimage.dll
0x00007fff951d0000 - 0x00007fff953f1000 	C:\WINDOWS\SYSTEM32\DBGHELP.DLL
0x00007fff90e30000 - 0x00007fff90e61000 	C:\WINDOWS\SYSTEM32\dbgcore.DLL
0x00007fff9f410000 - 0x00007fff9f48f000 	C:\WINDOWS\System32\bcryptPrimitives.dll
0x00007fff74de0000 - 0x00007fff74e05000 	c:\Users\grcor\.vscode\extensions\redhat.java-1.7.0-win32-x64\jre\17.0.3-win32-x86_64\bin\java.dll
0x00007fff97ce0000 - 0x00007fff97cf8000 	c:\Users\grcor\.vscode\extensions\redhat.java-1.7.0-win32-x64\jre\17.0.3-win32-x86_64\bin\zip.dll
0x00007fffa06d0000 - 0x00007fffa0e7f000 	C:\WINDOWS\System32\SHELL32.dll
0x00007fff9cfb0000 - 0x00007fff9d818000 	C:\WINDOWS\SYSTEM32\windows.storage.dll
0x00007fffa1210000 - 0x00007fffa1588000 	C:\WINDOWS\System32\combase.dll
0x00007fff9ce40000 - 0x00007fff9cfa6000 	C:\WINDOWS\SYSTEM32\wintypes.dll
0x00007fffa1120000 - 0x00007fffa120a000 	C:\WINDOWS\System32\SHCORE.dll
0x00007fff9f7e0000 - 0x00007fff9f83d000 	C:\WINDOWS\System32\shlwapi.dll
0x00007fff9ed60000 - 0x00007fff9ed81000 	C:\WINDOWS\SYSTEM32\profapi.dll
0x00007fff96e60000 - 0x00007fff96e79000 	C:\Users\grcor\.vscode\extensions\redhat.java-1.7.0-win32-x64\jre\17.0.3-win32-x86_64\bin\net.dll
0x00007fff959a0000 - 0x00007fff95aac000 	C:\WINDOWS\SYSTEM32\WINHTTP.dll
0x00007fff9e450000 - 0x00007fff9e4b7000 	C:\WINDOWS\system32\mswsock.dll
0x00007fff96ac0000 - 0x00007fff96ad5000 	C:\Users\grcor\.vscode\extensions\redhat.java-1.7.0-win32-x64\jre\17.0.3-win32-x86_64\bin\nio.dll
0x00007fff9e6a0000 - 0x00007fff9e6b8000 	C:\WINDOWS\SYSTEM32\CRYPTSP.dll
0x00007fff9df80000 - 0x00007fff9dfb5000 	C:\WINDOWS\system32\rsaenh.dll
0x00007fff9e540000 - 0x00007fff9e569000 	C:\WINDOWS\SYSTEM32\USERENV.dll
0x00007fff9e810000 - 0x00007fff9e837000 	C:\WINDOWS\SYSTEM32\bcrypt.dll
0x00007fff9e690000 - 0x00007fff9e69c000 	C:\WINDOWS\SYSTEM32\CRYPTBASE.dll
0x00007fff9dbe0000 - 0x00007fff9dc0d000 	C:\WINDOWS\SYSTEM32\IPHLPAPI.DLL
0x00007fffa1590000 - 0x00007fffa1599000 	C:\WINDOWS\System32\NSI.dll
0x00007fff95b80000 - 0x00007fff95b99000 	C:\WINDOWS\SYSTEM32\dhcpcsvc6.DLL
0x00007fff97420000 - 0x00007fff9743e000 	C:\WINDOWS\SYSTEM32\dhcpcsvc.DLL
0x00007fff9dc10000 - 0x00007fff9dcf8000 	C:\WINDOWS\SYSTEM32\DNSAPI.dll
0x00007fff747c0000 - 0x00007fff747fe000 	C:\Users\grcor\AppData\Roaming\Code\User\globalStorage\redhat.java\1.7.0\config_win\org.eclipse.equinox.launcher\org.eclipse.equinox.launcher.win32.win32.x86_64_1.2.400.v20211117-0650\eclipse_11602.dll
0x00007fff9fa50000 - 0x00007fff9fbea000 	C:\WINDOWS\System32\ole32.dll

dbghelp: loaded successfully - version: 4.0.5 - missing functions: none
symbol engine: initialized successfully - sym options: 0x614 - pdb path: .;c:\Users\grcor\.vscode\extensions\redhat.java-1.7.0-win32-x64\jre\17.0.3-win32-x86_64\bin;C:\WINDOWS\SYSTEM32;C:\WINDOWS\WinSxS\amd64_microsoft.windows.common-controls_6595b64144ccf1df_6.0.22000.120_none_9d947278b86cc467;c:\Users\grcor\.vscode\extensions\redhat.java-1.7.0-win32-x64\jre\17.0.3-win32-x86_64\bin\server;C:\Users\grcor\AppData\Roaming\Code\User\globalStorage\redhat.java\1.7.0\config_win\org.eclipse.equinox.launcher\org.eclipse.equinox.launcher.win32.win32.x86_64_1.2.400.v20211117-0650

VM Arguments:
jvm_args: --add-modules=ALL-SYSTEM --add-opens=java.base/java.util=ALL-UNNAMED --add-opens=java.base/java.lang=ALL-UNNAMED --add-opens=java.base/sun.nio.fs=ALL-UNNAMED -Declipse.application=org.eclipse.jdt.ls.core.id1 -Dosgi.bundles.defaultStartLevel=4 -Declipse.product=org.eclipse.jdt.ls.core.product -Djava.import.generatesMetadataFilesAtProjectRoot=false -Dfile.encoding=utf8 -DwatchParentProcess=false -XX:+UseParallelGC -XX:GCTimeRatio=4 -XX:AdaptiveSizePolicyWeight=90 -Dsun.zip.disableMemoryMapping=true -Xmx1G -Xms100m -XX:+HeapDumpOnOutOfMemoryError -XX:HeapDumpPath=c:\Users\grcor\AppData\Roaming\Code\User\workspaceStorage\a9f7b8264992395997b1cde2720797f1\redhat.java 
java_command: c:\Users\grcor\.vscode\extensions\redhat.java-1.7.0-win32-x64\server\plugins\org.eclipse.equinox.launcher_1.6.400.v20210924-0641.jar -configuration c:\Users\grcor\AppData\Roaming\Code\User\globalStorage\redhat.java\1.7.0\config_win -data c:\Users\grcor\AppData\Roaming\Code\User\workspaceStorage\a9f7b8264992395997b1cde2720797f1\redhat.java\jdt_ws
java_class_path (initial): c:\Users\grcor\.vscode\extensions\redhat.java-1.7.0-win32-x64\server\plugins\org.eclipse.equinox.launcher_1.6.400.v20210924-0641.jar
Launcher Type: SUN_STANDARD

[Global flags]
    uintx AdaptiveSizePolicyWeight                 = 90                                        {product} {command line}
     intx CICompilerCount                          = 2                                         {product} {ergonomic}
    uintx GCTimeRatio                              = 4                                         {product} {command line}
     bool HeapDumpOnOutOfMemoryError               = true                                   {manageable} {command line}
    ccstr HeapDumpPath                             = c:\Users\grcor\AppData\Roaming\Code\User\workspaceStorage\a9f7b8264992395997b1cde2720797f1\redhat.java         {manageable} {command line}
   size_t InitialHeapSize                          = 104857600                                 {product} {command line}
   size_t MaxHeapSize                              = 1073741824                                {product} {command line}
   size_t MaxNewSize                               = 357564416                                 {product} {ergonomic}
   size_t MinHeapDeltaBytes                        = 524288                                    {product} {ergonomic}
   size_t MinHeapSize                              = 104857600                                 {product} {command line}
   size_t NewSize                                  = 34603008                                  {product} {ergonomic}
    uintx NonNMethodCodeHeapSize                   = 5826188                                {pd product} {ergonomic}
    uintx NonProfiledCodeHeapSize                  = 122916026                              {pd product} {ergonomic}
   size_t OldSize                                  = 70254592                                  {product} {ergonomic}
    uintx ProfiledCodeHeapSize                     = 122916026                              {pd product} {ergonomic}
    uintx ReservedCodeCacheSize                    = 251658240                              {pd product} {ergonomic}
     bool SegmentedCodeCache                       = true                                      {product} {ergonomic}
   size_t SoftMaxHeapSize                          = 1073741824                             {manageable} {ergonomic}
     bool UseCompressedClassPointers               = true                           {product lp64_product} {ergonomic}
     bool UseCompressedOops                        = true                           {product lp64_product} {ergonomic}
     bool UseLargePagesIndividualAllocation        = false                                  {pd product} {ergonomic}
     bool UseParallelGC                            = true                                      {product} {command line}

Logging:
Log output configuration:
 #0: stdout all=warning uptime,level,tags
 #1: stderr all=off uptime,level,tags

Environment Variables:
PATH=C:\Program Files\Google\Chrome\Application;C:\Program Files\Eclipse Adoptium\jdk-17.0.3.7-hotspot\bin;C:\WINDOWS\system32;C:\WINDOWS;C:\WINDOWS\System32\Wbem;C:\WINDOWS\System32\WindowsPowerShell\v1.0\;C:\WINDOWS\System32\OpenSSH\;C:\Program Files\Git\cmd;C:\Users\grcor\AppData\Local\Microsoft\WindowsApps;;C:\Users\grcor\AppData\Local\Programs\Microsoft VS Code\bin
USERNAME=grcor
OS=Windows_NT
PROCESSOR_IDENTIFIER=Intel64 Family 6 Model 122 Stepping 1, GenuineIntel



---------------  S Y S T E M  ---------------

OS:
 Windows 11 , 64 bit Build 22000 (10.0.22000.675)
OS uptime: 25 days 21:52 hours

CPU: total 2 (initial active 2) (2 cores per cpu, 1 threads per core) family 6 model 122 stepping 1 microcode 0x34, cx8, cmov, fxsr, mmx, 3dnowpref, sse, sse2, sse3, ssse3, sse4.1, sse4.2, popcnt, tsc, tscinvbit, aes, erms, clmul, sha, clflush, clflushopt

Memory: 4k page, system-wide physical 3902M (170M free)
TotalPageFile size 11186M (AvailPageFile size 0M)
current process WorkingSet (physical memory assigned to process): 106M, peak: 106M
current process commit charge ("private bytes"): 196M, peak: 197M

vm_info: OpenJDK 64-Bit Server VM (17.0.3+7) for windows-amd64 JRE (17.0.3+7), built on Apr 19 2022 16:55:35 by "" with MS VC++ 16.7 (VS2019)

END.
