#
# There is insufficient memory for the Java Runtime Environment to continue.
# Native memory allocation (mmap) failed to map 65536 bytes for Failed to commit metaspace.
# Possible reasons:
#   The system is out of physical RAM or swap space
#   The process is running with CompressedOops enabled, and the Java Heap may be blocking the growth of the native heap
# Possible solutions:
#   Reduce memory load on the system
#   Increase physical memory or swap space
#   Check if swap backing store is full
#   Decrease Java heap size (-Xmx/-Xms)
#   Decrease Java thread stack sizes (-Xss)
#   Set larger code cache with -XX:ReservedCodeCacheSize=
#   JVM is running with Unscaled Compressed Oops mode in which the Java heap is
#     placed in the first 4GB address space. The Java Heap base address is the
#     maximum limit for the native heap growth. Please use -XX:HeapBaseMinAddress
#     to set the Java Heap base and to place the Java Heap above 4GB virtual address.
# This output file may be truncated or incomplete.
#
#  Out of Memory Error (virtualSpaceNode.cpp:110), pid=2920, tid=19124
#
# JRE version: OpenJDK Runtime Environment Temurin-17.0.3+7 (17.0.3+7) (build 17.0.3+7)
# Java VM: OpenJDK 64-Bit Server VM Temurin-17.0.3+7 (17.0.3+7, mixed mode, tiered, compressed oops, compressed class ptrs, parallel gc, windows-amd64)
# No core dump will be written. Minidumps are not enabled by default on client versions of Windows
#

---------------  S U M M A R Y ------------

Command Line: --add-modules=ALL-SYSTEM --add-opens=java.base/java.util=ALL-UNNAMED --add-opens=java.base/java.lang=ALL-UNNAMED --add-opens=java.base/sun.nio.fs=ALL-UNNAMED -Declipse.application=org.eclipse.jdt.ls.core.id1 -Dosgi.bundles.defaultStartLevel=4 -Declipse.product=org.eclipse.jdt.ls.core.product -Djava.import.generatesMetadataFilesAtProjectRoot=false -Dfile.encoding=utf8 -DwatchParentProcess=false -XX:+UseParallelGC -XX:GCTimeRatio=4 -XX:AdaptiveSizePolicyWeight=90 -Dsun.zip.disableMemoryMapping=true -Xmx1G -Xms100m -XX:+HeapDumpOnOutOfMemoryError -XX:HeapDumpPath=c:\Users\grcor\AppData\Roaming\Code\User\workspaceStorage\a9f7b8264992395997b1cde2720797f1\redhat.java c:\Users\grcor\.vscode\extensions\redhat.java-1.7.0-win32-x64\server\plugins\org.eclipse.equinox.launcher_1.6.400.v20210924-0641.jar -configuration c:\Users\grcor\AppData\Roaming\Code\User\globalStorage\redhat.java\1.7.0\config_win -data c:\Users\grcor\AppData\Roaming\Code\User\workspaceStorage\a9f7b8264992395997b1cde2720797f1\redhat.java\jdt_ws

Host: Intel(R) Celeron(R) N4000 CPU @ 1.10GHz, 2 cores, 3G,  Windows 11 , 64 bit Build 22000 (10.0.22000.675)
Time: Sun Jun 19 17:22:54 2022 Hora oficial do Brasil elapsed time: 4.267310 seconds (0d 0h 0m 4s)

---------------  T H R E A D  ---------------

Current thread (0x000001740ae14450):  JavaThread "main" [_thread_in_vm, id=19124, stack(0x0000000b5ec00000,0x0000000b5ed00000)]

Stack: [0x0000000b5ec00000,0x0000000b5ed00000]
Native frames: (J=compiled Java code, j=interpreted, Vv=VM code, C=native code)
V  [jvm.dll+0x675efa]
V  [jvm.dll+0x830a24]
V  [jvm.dll+0x8321ce]
V  [jvm.dll+0x832833]
V  [jvm.dll+0x2454b5]
V  [jvm.dll+0x82c9cb]
V  [jvm.dll+0x61ab26]
V  [jvm.dll+0x1c046e]
V  [jvm.dll+0x61d471]
V  [jvm.dll+0x61b4c6]
V  [jvm.dll+0x23ae70]
V  [jvm.dll+0x1eab7d]
V  [jvm.dll+0x1e05b1]
V  [jvm.dll+0x53bb80]
V  [jvm.dll+0x7aba28]
V  [jvm.dll+0x7abb14]
V  [jvm.dll+0x40c7c5]
V  [jvm.dll+0x4129b8]
C  [java.dll+0x17ec]

Java frames: (J=compiled Java code, j=interpreted, Vv=VM code)
j  java.lang.ClassLoader.defineClass1(Ljava/lang/ClassLoader;Ljava/lang/String;[BIILjava/security/ProtectionDomain;Ljava/lang/String;)Ljava/lang/Class;+0 java.base@17.0.3
j  java.lang.ClassLoader.defineClass(Ljava/lang/String;[BIILjava/security/ProtectionDomain;)Ljava/lang/Class;+27 java.base@17.0.3
j  java.security.SecureClassLoader.defineClass(Ljava/lang/String;[BIILjava/security/CodeSource;)Ljava/lang/Class;+12 java.base@17.0.3
j  java.net.URLClassLoader.defineClass(Ljava/lang/String;Ljdk/internal/loader/Resource;)Ljava/lang/Class;+221 java.base@17.0.3
j  java.net.URLClassLoader$1.run()Ljava/lang/Class;+43 java.base@17.0.3
j  java.net.URLClassLoader$1.run()Ljava/lang/Object;+1 java.base@17.0.3
j  java.security.AccessController.executePrivileged(Ljava/security/PrivilegedExceptionAction;Ljava/security/AccessControlContext;Ljava/lang/Class;)Ljava/lang/Object;+29 java.base@17.0.3
j  java.security.AccessController.doPrivileged(Ljava/security/PrivilegedExceptionAction;Ljava/security/AccessControlContext;)Ljava/lang/Object;+13 java.base@17.0.3
j  java.net.URLClassLoader.findClass(Ljava/lang/String;)Ljava/lang/Class;+13 java.base@17.0.3
J 808 c1 java.lang.ClassLoader.loadClass(Ljava/lang/String;Z)Ljava/lang/Class; java.base@17.0.3 (121 bytes) @ 0x000001740e16095c [0x000001740e1603c0+0x000000000000059c]
J 656 c1 java.lang.ClassLoader.loadClass(Ljava/lang/String;)Ljava/lang/Class; java.base@17.0.3 (7 bytes) @ 0x000001740e129a3c [0x000001740e129940+0x00000000000000fc]
v  ~StubRoutines::call_stub
j  org.eclipse.osgi.storage.Storage.<init>(Lorg/eclipse/osgi/internal/framework/EquinoxContainer;[Ljava/lang/String;)V+641
j  org.eclipse.osgi.storage.Storage.createStorage(Lorg/eclipse/osgi/internal/framework/EquinoxContainer;)Lorg/eclipse/osgi/storage/Storage;+11
j  org.eclipse.osgi.internal.framework.EquinoxContainer.<init>(Ljava/util/Map;Lorg/osgi/framework/connect/ModuleConnector;)V+145
j  org.eclipse.osgi.launch.Equinox.<init>(Ljava/util/Map;Lorg/osgi/framework/connect/ModuleConnector;)V+10
j  org.eclipse.osgi.launch.Equinox.<init>(Ljava/util/Map;)V+3
j  org.eclipse.core.runtime.adaptor.EclipseStarter.startup([Ljava/lang/String;Ljava/lang/Runnable;)Lorg/osgi/framework/BundleContext;+28
j  org.eclipse.core.runtime.adaptor.EclipseStarter.run([Ljava/lang/String;Ljava/lang/Runnable;)Ljava/lang/Object;+21
v  ~StubRoutines::call_stub
j  jdk.internal.reflect.NativeMethodAccessorImpl.invoke0(Ljava/lang/reflect/Method;Ljava/lang/Object;[Ljava/lang/Object;)Ljava/lang/Object;+0 java.base@17.0.3
j  jdk.internal.reflect.NativeMethodAccessorImpl.invoke(Ljava/lang/Object;[Ljava/lang/Object;)Ljava/lang/Object;+133 java.base@17.0.3
j  jdk.internal.reflect.DelegatingMethodAccessorImpl.invoke(Ljava/lang/Object;[Ljava/lang/Object;)Ljava/lang/Object;+6 java.base@17.0.3
j  java.lang.reflect.Method.invoke(Ljava/lang/Object;[Ljava/lang/Object;)Ljava/lang/Object;+59 java.base@17.0.3
j  org.eclipse.equinox.launcher.Main.invokeFramework([Ljava/lang/String;[Ljava/net/URL;)V+201
j  org.eclipse.equinox.launcher.Main.basicRun([Ljava/lang/String;)V+159
j  org.eclipse.equinox.launcher.Main.run([Ljava/lang/String;)I+4
j  org.eclipse.equinox.launcher.Main.main([Ljava/lang/String;)V+10
v  ~StubRoutines::call_stub

---------------  P R O C E S S  ---------------

Threads class SMR info:
_java_thread_list=0x0000017420124520, length=12, elements={
0x000001740ae14450, 0x000001741ebdc020, 0x000001741ebdce90, 0x000001741ebf1c70,
0x000001741ebf28f0, 0x000001741ec20020, 0x000001741ec21cf0, 0x000001741ec22a80,
0x000001741ec23520, 0x000001741ec869e0, 0x000001740aed2770, 0x00000174200d2f60
}

Java Threads: ( => current thread )
=>0x000001740ae14450 JavaThread "main" [_thread_in_vm, id=19124, stack(0x0000000b5ec00000,0x0000000b5ed00000)]
  0x000001741ebdc020 JavaThread "Reference Handler" daemon [_thread_blocked, id=1408, stack(0x0000000b5f000000,0x0000000b5f100000)]
  0x000001741ebdce90 JavaThread "Finalizer" daemon [_thread_blocked, id=9048, stack(0x0000000b5f100000,0x0000000b5f200000)]
  0x000001741ebf1c70 JavaThread "Signal Dispatcher" daemon [_thread_blocked, id=10840, stack(0x0000000b5f200000,0x0000000b5f300000)]
  0x000001741ebf28f0 JavaThread "Attach Listener" daemon [_thread_blocked, id=4040, stack(0x0000000b5f300000,0x0000000b5f400000)]
  0x000001741ec20020 JavaThread "Service Thread" daemon [_thread_blocked, id=6840, stack(0x0000000b5f400000,0x0000000b5f500000)]
  0x000001741ec21cf0 JavaThread "Monitor Deflation Thread" daemon [_thread_blocked, id=5832, stack(0x0000000b5f500000,0x0000000b5f600000)]
  0x000001741ec22a80 JavaThread "C2 CompilerThread0" daemon [_thread_blocked, id=11476, stack(0x0000000b5f600000,0x0000000b5f700000)]
  0x000001741ec23520 JavaThread "C1 CompilerThread0" daemon [_thread_blocked, id=22004, stack(0x0000000b5f700000,0x0000000b5f800000)]
  0x000001741ec869e0 JavaThread "Sweeper thread" daemon [_thread_blocked, id=3536, stack(0x0000000b5f800000,0x0000000b5f900000)]
  0x000001740aed2770 JavaThread "Common-Cleaner" daemon [_thread_blocked, id=11560, stack(0x0000000b5f900000,0x0000000b5fa00000)]
  0x00000174200d2f60 JavaThread "Notification Thread" daemon [_thread_blocked, id=21548, stack(0x0000000b5fa00000,0x0000000b5fb00000)]

Other Threads:
  0x000001741ebc5f10 VMThread "VM Thread" [stack: 0x0000000b5ef00000,0x0000000b5f000000] [id=4888] _threads_hazard_ptr=0x0000017420124520
  0x00000174201594a0 WatcherThread [stack: 0x0000000b5fb00000,0x0000000b5fc00000] [id=4292]
  0x000001740ae2a070 GCTaskThread "GC Thread#0" [stack: 0x0000000b5ee00000,0x0000000b5ef00000] [id=7812]

Threads with active compile tasks:

VM state: synchronizing (normal execution)

VM Mutex/Monitor currently owned by a thread:  ([mutex/lock_event])
[0x000001740ae0d840] Metaspace_lock - owner thread: 0x000001740ae14450
[0x000001740ae0ee80] Threads_lock - owner thread: 0x000001741ebc5f10

Heap address: 0x00000000c0000000, size: 1024 MB, Compressed Oops mode: 32-bit

CDS archive(s) not mapped
Compressed class space mapped at: 0x0000000100000000-0x0000000140000000, reserved size: 1073741824
Narrow klass base: 0x0000000000000000, Narrow klass shift: 3, Narrow klass range: 0x140000000

GC Precious Log:
 CPUs: 2 total, 2 available
 Memory: 3902M
 Large Page Support: Disabled
 NUMA Support: Disabled
 Compressed Oops: Enabled (32-bit)
 Alignments: Space 512K, Generation 512K, Heap 2M
 Heap Min Capacity: 100M
 Heap Initial Capacity: 100M
 Heap Max Capacity: 1G
 Pre-touch: Disabled
 Parallel Workers: 2

Heap:
 PSYoungGen      total 29696K, used 15328K [0x00000000eab00000, 0x00000000ecc00000, 0x0000000100000000)
  eden space 25600K, 59% used [0x00000000eab00000,0x00000000eb9f8058,0x00000000ec400000)
  from space 4096K, 0% used [0x00000000ec800000,0x00000000ec800000,0x00000000ecc00000)
  to   space 4096K, 0% used [0x00000000ec400000,0x00000000ec400000,0x00000000ec800000)
 ParOldGen       total 68608K, used 0K [0x00000000c0000000, 0x00000000c4300000, 0x00000000eab00000)
  object space 68608K, 0% used [0x00000000c0000000,0x00000000c0000000,0x00000000c4300000)
 Metaspace       used 10617K, committed 10752K, reserved 1064960K
  class space    used 1070K, committed 1152K, reserved 1048576K

Card table byte_map: [0x000001740a7c0000,0x000001740a9d0000] _byte_map_base: 0x000001740a1c0000

Marking Bits: (ParMarkBitMap*) 0x00007fff5eea4b80
 Begin Bits: [0x000001741ca90000, 0x000001741da90000)
 End Bits:   [0x000001741da90000, 0x000001741ea90000)

Polling page: 0x0000017408dd0000

Metaspace:

Usage:
  Non-class:      9.32 MB used.
      Class:      1.04 MB used.
       Both:     10.37 MB used.

Virtual space:
  Non-class space:       16.00 MB reserved,       9.38 MB ( 59%) committed,  2 nodes.
      Class space:        1.00 GB reserved,       1.12 MB ( <1%) committed,  1 nodes.
             Both:        1.02 GB reserved,      10.50 MB (  1%) committed. 

Chunk freelists:
   Non-Class:  2.24 MB
       Class:  2.88 MB
        Both:  5.12 MB

MaxMetaspaceSize: unlimited
CompressedClassSpaceSize: 1.00 GB
Initial GC threshold: 21.00 MB
Current GC threshold: 21.00 MB
CDS: off
MetaspaceReclaimPolicy: balanced
 - commit_granule_bytes: 65536.
 - commit_granule_words: 8192.
 - virtual_space_node_default_size: 1048576.
 - enlarge_chunks_in_place: 1.
 - new_chunks_are_fully_committed: 0.
 - uncommit_free_chunks: 1.
 - use_allocation_guard: 0.
 - handle_deallocations: 1.


Internal statistics:

num_allocs_failed_limit: 0.
num_arena_births: 36.
num_arena_deaths: 0.
num_vsnodes_births: 3.
num_vsnodes_deaths: 0.
num_space_committed: 168.
num_space_uncommitted: 0.
num_chunks_returned_to_freelist: 0.
num_chunks_taken_from_freelist: 104.
num_chunk_merges: 0.
num_chunk_splits: 64.
num_chunks_enlarged: 48.
num_purges: 0.
num_inconsistent_stats: 0.

CodeHeap 'non-profiled nmethods': size=120064Kb used=275Kb max_used=275Kb free=119788Kb
 bounds [0x0000017415550000, 0x00000174157c0000, 0x000001741ca90000]
CodeHeap 'profiled nmethods': size=120000Kb used=1372Kb max_used=1372Kb free=118628Kb
 bounds [0x000001740e020000, 0x000001740e290000, 0x0000017415550000]
CodeHeap 'non-nmethods': size=5696Kb used=1132Kb max_used=1146Kb free=4563Kb
 bounds [0x000001740da90000, 0x000001740dd00000, 0x000001740e020000]
 total_blobs=1257 nmethods=832 adapters=341
 compilation: enabled
              stopped_count=0, restarted_count=0
 full_count=0

Compilation events (20 events):
Event: 3.886 Thread 0x000001741ec23520  827       3       java.lang.AbstractStringBuilder::checkRange (63 bytes)
Event: 3.887 Thread 0x000001741ec23520 nmethod 827 0x000001740e170f90 code [0x000001740e171220, 0x000001740e171b58]
Event: 3.887 Thread 0x000001741ec23520  828       3       java.io.DataInputStream::readUTF (5 bytes)
Event: 3.887 Thread 0x000001741ec23520 nmethod 828 0x000001740e171f10 code [0x000001740e1720a0, 0x000001740e1721c8]
Event: 3.887 Thread 0x000001741ec23520  829       3       java.io.DataInputStream::readUnsignedShort (39 bytes)
Event: 3.888 Thread 0x000001741ec23520 nmethod 829 0x000001740e172290 code [0x000001740e172460, 0x000001740e1727c8]
Event: 3.888 Thread 0x000001741ec23520  830       3       java.lang.AbstractStringBuilder::appendChars (207 bytes)
Event: 3.889 Thread 0x000001741ec23520 nmethod 830 0x000001740e172910 code [0x000001740e172bc0, 0x000001740e173b48]
Event: 3.890 Thread 0x000001741ec23520  831       3       java.io.DataInputStream::readLong (128 bytes)
Event: 3.890 Thread 0x000001741ec23520 nmethod 831 0x000001740e174110 code [0x000001740e1742c0, 0x000001740e1745c8]
Event: 3.890 Thread 0x000001741ec23520  832       1       java.io.File::getPrefixLength (5 bytes)
Event: 3.890 Thread 0x000001741ec23520 nmethod 832 0x0000017415594890 code [0x0000017415594a20, 0x0000017415594af8]
Event: 4.165 Thread 0x000001741ec23520  834       3       sun.invoke.util.VerifyAccess::isClassAccessible (230 bytes)
Event: 4.167 Thread 0x000001741ec23520 nmethod 834 0x000001740e174790 code [0x000001740e174aa0, 0x000001740e175978]
Event: 4.167 Thread 0x000001741ec23520  835       3       java.lang.invoke.MethodType$ConcurrentWeakInternSet::get (47 bytes)
Event: 4.168 Thread 0x000001741ec23520 nmethod 835 0x000001740e175d90 code [0x000001740e175fc0, 0x000001740e1768f8]
Event: 4.171 Thread 0x000001741ec23520  836       3       java.lang.invoke.MethodHandles$Lookup::lookupClassOrNull (17 bytes)
Event: 4.171 Thread 0x000001741ec23520 nmethod 836 0x000001740e176c10 code [0x000001740e176da0, 0x000001740e176f38]
Event: 4.174 Thread 0x000001741ec23520  837       1       org.eclipse.osgi.storage.BundleInfo$Generation::getBundleInfo (5 bytes)
Event: 4.174 Thread 0x000001741ec23520 nmethod 837 0x0000017415594b90 code [0x0000017415594d20, 0x0000017415594df8]

GC Heap History (0 events):
No events

Deoptimization events (20 events):
Event: 2.487 Thread 0x000001740ae14450 DEOPT PACKING pc=0x000001740e0d3500 sp=0x0000000b5ecfd7d0
Event: 2.487 Thread 0x000001740ae14450 DEOPT UNPACKING pc=0x000001740dae2824 sp=0x0000000b5ecfcc40 mode 0
Event: 2.993 Thread 0x000001740ae14450 Uncommon trap: trap_request=0xffffff45 fr.pc=0x00000174155751f0 relative=0x0000000000000970
Event: 2.993 Thread 0x000001740ae14450 Uncommon trap: reason=unstable_if action=reinterpret pc=0x00000174155751f0 method=java.util.HashMap.hash(Ljava/lang/Object;)I @ 1 c2
Event: 2.994 Thread 0x000001740ae14450 DEOPT PACKING pc=0x00000174155751f0 sp=0x0000000b5ecfe240
Event: 2.994 Thread 0x000001740ae14450 DEOPT UNPACKING pc=0x000001740dae209d sp=0x0000000b5ecfe1b0 mode 2
Event: 2.994 Thread 0x000001740ae14450 Uncommon trap: trap_request=0xffffff45 fr.pc=0x000001741557f85c relative=0x000000000000023c
Event: 2.994 Thread 0x000001740ae14450 Uncommon trap: reason=unstable_if action=reinterpret pc=0x000001741557f85c method=java.util.HashMap.hash(Ljava/lang/Object;)I @ 1 c2
Event: 2.994 Thread 0x000001740ae14450 DEOPT PACKING pc=0x000001741557f85c sp=0x0000000b5ecfe170
Event: 2.994 Thread 0x000001740ae14450 DEOPT UNPACKING pc=0x000001740dae209d sp=0x0000000b5ecfe008 mode 2
Event: 2.994 Thread 0x000001740ae14450 Uncommon trap: trap_request=0xffffff45 fr.pc=0x000001741557ff64 relative=0x0000000000000244
Event: 2.994 Thread 0x000001740ae14450 Uncommon trap: reason=unstable_if action=reinterpret pc=0x000001741557ff64 method=java.util.HashMap.hash(Ljava/lang/Object;)I @ 1 c2
Event: 2.994 Thread 0x000001740ae14450 DEOPT PACKING pc=0x000001741557ff64 sp=0x0000000b5ecfe210
Event: 2.994 Thread 0x000001740ae14450 DEOPT UNPACKING pc=0x000001740dae209d sp=0x0000000b5ecfe118 mode 2
Event: 3.451 Thread 0x000001740ae14450 Uncommon trap: trap_request=0xffffff45 fr.pc=0x0000017415573378 relative=0x00000000000000f8
Event: 3.451 Thread 0x000001740ae14450 Uncommon trap: reason=unstable_if action=reinterpret pc=0x0000017415573378 method=java.lang.StringCoding.hasNegatives([BII)Z @ 12 c2
Event: 3.451 Thread 0x000001740ae14450 DEOPT PACKING pc=0x0000017415573378 sp=0x0000000b5ecfcc20
Event: 3.451 Thread 0x000001740ae14450 DEOPT UNPACKING pc=0x000001740dae209d sp=0x0000000b5ecfcbc8 mode 2
Event: 3.818 Thread 0x000001740ae14450 DEOPT PACKING pc=0x000001740e158356 sp=0x0000000b5ecfcca0
Event: 3.818 Thread 0x000001740ae14450 DEOPT UNPACKING pc=0x000001740dae2824 sp=0x0000000b5ecfc128 mode 0

Classes unloaded (0 events):
No events

Classes redefined (0 events):
No events

Internal exceptions (20 events):
Event: 1.924 Thread 0x000001740ae14450 Exception <a 'java/io/FileNotFoundException'{0x00000000eaf90328}> (0x00000000eaf90328) 
thrown [e:\jenkins\tmp\workspace\build\src\src\hotspot\share\prims\jni.cpp, line 516]
Event: 1.924 Thread 0x000001740ae14450 Exception <a 'java/io/FileNotFoundException'{0x00000000eaf91050}> (0x00000000eaf91050) 
thrown [e:\jenkins\tmp\workspace\build\src\src\hotspot\share\prims\jni.cpp, line 516]
Event: 1.925 Thread 0x000001740ae14450 Exception <a 'java/io/FileNotFoundException'{0x00000000eaf91d48}> (0x00000000eaf91d48) 
thrown [e:\jenkins\tmp\workspace\build\src\src\hotspot\share\prims\jni.cpp, line 516]
Event: 1.943 Thread 0x000001740ae14450 Exception <a 'java/io/FileNotFoundException'{0x00000000eafb99d8}> (0x00000000eafb99d8) 
thrown [e:\jenkins\tmp\workspace\build\src\src\hotspot\share\prims\jni.cpp, line 516]
Event: 2.605 Thread 0x000001740ae14450 Exception <a 'java/lang/ClassNotFoundException'{0x00000000eb645a38}: sun/net/www/protocol/c/Handler> (0x00000000eb645a38) 
thrown [e:\jenkins\tmp\workspace\build\src\src\hotspot\share\classfile\systemDictionary.cpp, line 256]
Event: 2.605 Thread 0x000001740ae14450 Exception <a 'java/lang/ClassNotFoundException'{0x00000000eb646ed0}: sun/net/www/protocol/c/Handler> (0x00000000eb646ed0) 
thrown [e:\jenkins\tmp\workspace\build\src\src\hotspot\share\classfile\systemDictionary.cpp, line 256]
Event: 2.606 Thread 0x000001740ae14450 Exception <a 'java/lang/ClassNotFoundException'{0x00000000eb6482a0}: sun/net/www/protocol/c/Handler> (0x00000000eb6482a0) 
thrown [e:\jenkins\tmp\workspace\build\src\src\hotspot\share\classfile\systemDictionary.cpp, line 256]
Event: 2.617 Thread 0x000001740ae14450 Exception <a 'java/io/FileNotFoundException'{0x00000000eb6697e0}> (0x00000000eb6697e0) 
thrown [e:\jenkins\tmp\workspace\build\src\src\hotspot\share\prims\jni.cpp, line 516]
Event: 2.993 Thread 0x000001740ae14450 Implicit null exception at 0x00000174155748bb to 0x00000174155751d8
Event: 2.994 Thread 0x000001740ae14450 Implicit null exception at 0x000001741557f66c to 0x000001741557f844
Event: 2.994 Thread 0x000001740ae14450 Implicit null exception at 0x000001741557fd6c to 0x000001741557ff4c
Event: 3.333 Thread 0x000001740ae14450 Exception <a 'java/lang/NoSuchMethodError'{0x00000000eb8431e0}: 'int java.lang.invoke.DirectMethodHandle$Holder.invokeStaticInit(java.lang.Object, java.lang.Object, java.lang.Object, java.lang.Object)'> (0x00000000eb8431e0) 
thrown [e:\jenkins\tmp\workspace\build\src\src\hotspot\share\interpreter\linkResolver.cpp, line 766]
Event: 3.337 Thread 0x000001740ae14450 Exception <a 'java/lang/NoSuchMethodError'{0x00000000eb84d850}: 'java.lang.Object java.lang.invoke.DirectMethodHandle$Holder.invokeInterface(java.lang.Object, java.lang.Object)'> (0x00000000eb84d850) 
thrown [e:\jenkins\tmp\workspace\build\src\src\hotspot\share\interpreter\linkResolver.cpp, line 766]
Event: 3.339 Thread 0x000001740ae14450 Exception <a 'java/lang/IncompatibleClassChangeError'{0x00000000eb851048}: Found class java.lang.Object, but interface was expected> (0x00000000eb851048) 
thrown [e:\jenkins\tmp\workspace\build\src\src\hotspot\share\interpreter\linkResolver.cpp, line 833]
Event: 3.341 Thread 0x000001740ae14450 Exception <a 'java/lang/NoSuchMethodError'{0x00000000eb853f68}: 'void java.lang.invoke.DirectMethodHandle$Holder.invokeStatic(java.lang.Object, java.lang.Object)'> (0x00000000eb853f68) 
thrown [e:\jenkins\tmp\workspace\build\src\src\hotspot\share\interpreter\linkResolver.cpp, line 766]
Event: 3.341 Thread 0x000001740ae14450 Exception <a 'java/lang/NoSuchMethodError'{0x00000000eb857768}: 'void java.lang.invoke.DirectMethodHandle$Holder.invokeStaticInit(java.lang.Object, java.lang.Object)'> (0x00000000eb857768) 
thrown [e:\jenkins\tmp\workspace\build\src\src\hotspot\share\interpreter\linkResolver.cpp, line 766]
Event: 3.351 Thread 0x000001740ae14450 Exception <a 'java/lang/NoSuchMethodError'{0x00000000eb85d348}: 'int java.lang.invoke.DirectMethodHandle$Holder.invokeStaticInit(java.lang.Object, java.lang.Object)'> (0x00000000eb85d348) 
thrown [e:\jenkins\tmp\workspace\build\src\src\hotspot\share\interpreter\linkResolver.cpp, line 766]
Event: 3.433 Thread 0x000001740ae14450 Exception <a 'java/lang/NoSuchMethodError'{0x00000000eb8ae908}: 'java.lang.Object java.lang.invoke.DirectMethodHandle$Holder.invokeStaticInit(java.lang.Object, int, int, int, int)'> (0x00000000eb8ae908) 
thrown [e:\jenkins\tmp\workspace\build\src\src\hotspot\share\interpreter\linkResolver.cpp, line 766]
Event: 3.826 Thread 0x000001740ae14450 Exception <a 'java/lang/NoSuchMethodError'{0x00000000eb8de120}: 'java.lang.Object java.lang.invoke.DirectMethodHandle$Holder.invokeStaticInit(java.lang.Object, java.lang.Object, int, int, int, int)'> (0x00000000eb8de120) 
thrown [e:\jenkins\tmp\workspace\build\src\src\hotspot\share\interpreter\linkResolver.cpp, line 766]
Event: 4.169 Thread 0x000001740ae14450 Exception <a 'java/lang/NoSuchMethodError'{0x00000000eb9704d0}: 'void java.lang.invoke.DirectMethodHandle$Holder.invokeSpecial(java.lang.Object, java.lang.Object, java.lang.Object)'> (0x00000000eb9704d0) 
thrown [e:\jenkins\tmp\workspace\build\src\src\hotspot\share\interpreter\linkResolver.cpp, line 766]

VM Operations (8 events):
Event: 0.733 Executing VM operation: HandshakeAllThreads
Event: 0.733 Executing VM operation: HandshakeAllThreads done
Event: 1.734 Executing VM operation: Cleanup
Event: 1.910 Executing VM operation: Cleanup done
Event: 2.926 Executing VM operation: Cleanup
Event: 2.989 Executing VM operation: Cleanup done
Event: 3.487 Executing VM operation: HandshakeAllThreads
Event: 3.487 Executing VM operation: HandshakeAllThreads done

Events (20 events):
Event: 3.811 loading class sun/nio/fs/BasicFileAttributesHolder done
Event: 3.811 loading class sun/nio/fs/WindowsPath$WindowsPathWithAttributes done
Event: 3.831 loading class sun/security/provider/AbstractDrbg$NonceProvider
Event: 3.832 loading class sun/security/provider/AbstractDrbg$NonceProvider done
Event: 3.833 loading class java/io/DeleteOnExitHook
Event: 3.834 loading class java/io/DeleteOnExitHook done
Event: 3.834 loading class java/io/DeleteOnExitHook$1
Event: 3.834 loading class java/io/DeleteOnExitHook$1 done
Event: 3.834 loading class java/lang/Shutdown
Event: 3.834 loading class java/lang/Shutdown done
Event: 3.834 loading class java/lang/Shutdown$Lock
Event: 3.834 loading class java/lang/Shutdown$Lock done
Event: 3.837 loading class java/util/ComparableTimSort
Event: 3.838 loading class java/util/ComparableTimSort done
Event: 3.846 loading class java/io/DataInputStream
Event: 3.846 loading class java/io/DataInputStream done
Event: 3.855 loading class java/util/Collections$SingletonSet
Event: 3.855 loading class java/util/Collections$SingletonSet done
Event: 4.170 loading class java/lang/invoke/DirectMethodHandle$Special
Event: 4.170 loading class java/lang/invoke/DirectMethodHandle$Special done


Dynamic libraries:
0x00007ff730730000 - 0x00007ff73073e000 	c:\Users\grcor\.vscode\extensions\redhat.java-1.7.0-win32-x64\jre\17.0.3-win32-x86_64\bin\java.exe
0x00007fffa1940000 - 0x00007fffa1b49000 	C:\WINDOWS\SYSTEM32\ntdll.dll
0x00007fff9f970000 - 0x00007fff9fa2d000 	C:\WINDOWS\System32\KERNEL32.DLL
0x00007fff9f020000 - 0x00007fff9f399000 	C:\WINDOWS\System32\KERNELBASE.dll
0x00007fff9c3e0000 - 0x00007fff9c471000 	C:\WINDOWS\SYSTEM32\apphelp.dll
0x00007fff9ef00000 - 0x00007fff9f011000 	C:\WINDOWS\System32\ucrtbase.dll
0x00007fff96ba0000 - 0x00007fff96bb8000 	c:\Users\grcor\.vscode\extensions\redhat.java-1.7.0-win32-x64\jre\17.0.3-win32-x86_64\bin\jli.dll
0x00007fffa0520000 - 0x00007fffa06cc000 	C:\WINDOWS\System32\USER32.dll
0x00007fff9ee30000 - 0x00007fff9ee56000 	C:\WINDOWS\System32\win32u.dll
0x00007fff9f8e0000 - 0x00007fff9f909000 	C:\WINDOWS\System32\GDI32.dll
0x00007fff9f6c0000 - 0x00007fff9f7d2000 	C:\WINDOWS\System32\gdi32full.dll
0x00007fff9ee60000 - 0x00007fff9eefd000 	C:\WINDOWS\System32\msvcp_win.dll
0x00007fff96b80000 - 0x00007fff96b99000 	c:\Users\grcor\.vscode\extensions\redhat.java-1.7.0-win32-x64\jre\17.0.3-win32-x86_64\bin\VCRUNTIME140.dll
0x00007fff86f10000 - 0x00007fff871b5000 	C:\WINDOWS\WinSxS\amd64_microsoft.windows.common-controls_6595b64144ccf1df_6.0.22000.120_none_9d947278b86cc467\COMCTL32.dll
0x00007fffa0460000 - 0x00007fffa0503000 	C:\WINDOWS\System32\msvcrt.dll
0x00007fffa16f0000 - 0x00007fffa1721000 	C:\WINDOWS\System32\IMM32.DLL
0x00007fff9b420000 - 0x00007fff9b42c000 	c:\Users\grcor\.vscode\extensions\redhat.java-1.7.0-win32-x64\jre\17.0.3-win32-x86_64\bin\vcruntime140_1.dll
0x00007fff6d1c0000 - 0x00007fff6d251000 	c:\Users\grcor\.vscode\extensions\redhat.java-1.7.0-win32-x64\jre\17.0.3-win32-x86_64\bin\msvcp140.dll
0x00007fff5e320000 - 0x00007fff5ef68000 	c:\Users\grcor\.vscode\extensions\redhat.java-1.7.0-win32-x64\jre\17.0.3-win32-x86_64\bin\server\jvm.dll
0x00007fffa0290000 - 0x00007fffa033e000 	C:\WINDOWS\System32\ADVAPI32.dll
0x00007fff9f840000 - 0x00007fff9f8de000 	C:\WINDOWS\System32\sechost.dll
0x00007fffa0e80000 - 0x00007fffa0fa0000 	C:\WINDOWS\System32\RPCRT4.dll
0x00007fffa1030000 - 0x00007fffa1038000 	C:\WINDOWS\System32\PSAPI.DLL
0x00007fff9a1b0000 - 0x00007fff9a1b9000 	C:\WINDOWS\SYSTEM32\WSOCK32.dll
0x00007fffa01b0000 - 0x00007fffa021f000 	C:\WINDOWS\System32\WS2_32.dll
0x00007fff97850000 - 0x00007fff97883000 	C:\WINDOWS\SYSTEM32\WINMM.dll
0x00007fff905f0000 - 0x00007fff905fa000 	C:\WINDOWS\SYSTEM32\VERSION.dll
0x00007fff9e020000 - 0x00007fff9e038000 	C:\WINDOWS\SYSTEM32\kernel.appcore.dll
0x00007fff97240000 - 0x00007fff9724a000 	c:\Users\grcor\.vscode\extensions\redhat.java-1.7.0-win32-x64\jre\17.0.3-win32-x86_64\bin\jimage.dll
0x00007fff951d0000 - 0x00007fff953f1000 	C:\WINDOWS\SYSTEM32\DBGHELP.DLL
0x00007fff90e30000 - 0x00007fff90e61000 	C:\WINDOWS\SYSTEM32\dbgcore.DLL
0x00007fff9f410000 - 0x00007fff9f48f000 	C:\WINDOWS\System32\bcryptPrimitives.dll
0x00007fff96ab0000 - 0x00007fff96ad5000 	c:\Users\grcor\.vscode\extensions\redhat.java-1.7.0-win32-x64\jre\17.0.3-win32-x86_64\bin\java.dll
0x00007fff95c70000 - 0x00007fff95c88000 	c:\Users\grcor\.vscode\extensions\redhat.java-1.7.0-win32-x64\jre\17.0.3-win32-x86_64\bin\zip.dll
0x00007fffa06d0000 - 0x00007fffa0e7f000 	C:\WINDOWS\System32\SHELL32.dll
0x00007fff9cfb0000 - 0x00007fff9d818000 	C:\WINDOWS\SYSTEM32\windows.storage.dll
0x00007fffa1210000 - 0x00007fffa1588000 	C:\WINDOWS\System32\combase.dll
0x00007fff9ce40000 - 0x00007fff9cfa6000 	C:\WINDOWS\SYSTEM32\wintypes.dll
0x00007fffa1120000 - 0x00007fffa120a000 	C:\WINDOWS\System32\SHCORE.dll
0x00007fff9f7e0000 - 0x00007fff9f83d000 	C:\WINDOWS\System32\shlwapi.dll
0x00007fff9ed60000 - 0x00007fff9ed81000 	C:\WINDOWS\SYSTEM32\profapi.dll
0x00007fff94870000 - 0x00007fff94889000 	C:\Users\grcor\.vscode\extensions\redhat.java-1.7.0-win32-x64\jre\17.0.3-win32-x86_64\bin\net.dll
0x00007fff959a0000 - 0x00007fff95aac000 	C:\WINDOWS\SYSTEM32\WINHTTP.dll
0x00007fff9e450000 - 0x00007fff9e4b7000 	C:\WINDOWS\system32\mswsock.dll
0x00007fff92230000 - 0x00007fff92245000 	C:\Users\grcor\.vscode\extensions\redhat.java-1.7.0-win32-x64\jre\17.0.3-win32-x86_64\bin\nio.dll
0x00007fff9e6a0000 - 0x00007fff9e6b8000 	C:\WINDOWS\SYSTEM32\CRYPTSP.dll
0x00007fff9df80000 - 0x00007fff9dfb5000 	C:\WINDOWS\system32\rsaenh.dll
0x00007fff9e540000 - 0x00007fff9e569000 	C:\WINDOWS\SYSTEM32\USERENV.dll
0x00007fff9e810000 - 0x00007fff9e837000 	C:\WINDOWS\SYSTEM32\bcrypt.dll
0x00007fff9e690000 - 0x00007fff9e69c000 	C:\WINDOWS\SYSTEM32\CRYPTBASE.dll
0x00007fff9dbe0000 - 0x00007fff9dc0d000 	C:\WINDOWS\SYSTEM32\IPHLPAPI.DLL
0x00007fffa1590000 - 0x00007fffa1599000 	C:\WINDOWS\System32\NSI.dll
0x00007fff95b80000 - 0x00007fff95b99000 	C:\WINDOWS\SYSTEM32\dhcpcsvc6.DLL
0x00007fff97420000 - 0x00007fff9743e000 	C:\WINDOWS\SYSTEM32\dhcpcsvc.DLL
0x00007fff9dc10000 - 0x00007fff9dcf8000 	C:\WINDOWS\SYSTEM32\DNSAPI.dll

dbghelp: loaded successfully - version: 4.0.5 - missing functions: none
symbol engine: initialized successfully - sym options: 0x614 - pdb path: .;c:\Users\grcor\.vscode\extensions\redhat.java-1.7.0-win32-x64\jre\17.0.3-win32-x86_64\bin;C:\WINDOWS\SYSTEM32;C:\WINDOWS\WinSxS\amd64_microsoft.windows.common-controls_6595b64144ccf1df_6.0.22000.120_none_9d947278b86cc467;c:\Users\grcor\.vscode\extensions\redhat.java-1.7.0-win32-x64\jre\17.0.3-win32-x86_64\bin\server

VM Arguments:
jvm_args: --add-modules=ALL-SYSTEM --add-opens=java.base/java.util=ALL-UNNAMED --add-opens=java.base/java.lang=ALL-UNNAMED --add-opens=java.base/sun.nio.fs=ALL-UNNAMED -Declipse.application=org.eclipse.jdt.ls.core.id1 -Dosgi.bundles.defaultStartLevel=4 -Declipse.product=org.eclipse.jdt.ls.core.product -Djava.import.generatesMetadataFilesAtProjectRoot=false -Dfile.encoding=utf8 -DwatchParentProcess=false -XX:+UseParallelGC -XX:GCTimeRatio=4 -XX:AdaptiveSizePolicyWeight=90 -Dsun.zip.disableMemoryMapping=true -Xmx1G -Xms100m -XX:+HeapDumpOnOutOfMemoryError -XX:HeapDumpPath=c:\Users\grcor\AppData\Roaming\Code\User\workspaceStorage\a9f7b8264992395997b1cde2720797f1\redhat.java 
java_command: c:\Users\grcor\.vscode\extensions\redhat.java-1.7.0-win32-x64\server\plugins\org.eclipse.equinox.launcher_1.6.400.v20210924-0641.jar -configuration c:\Users\grcor\AppData\Roaming\Code\User\globalStorage\redhat.java\1.7.0\config_win -data c:\Users\grcor\AppData\Roaming\Code\User\workspaceStorage\a9f7b8264992395997b1cde2720797f1\redhat.java\jdt_ws
java_class_path (initial): c:\Users\grcor\.vscode\extensions\redhat.java-1.7.0-win32-x64\server\plugins\org.eclipse.equinox.launcher_1.6.400.v20210924-0641.jar
Launcher Type: SUN_STANDARD

[Global flags]
    uintx AdaptiveSizePolicyWeight                 = 90                                        {product} {command line}
     intx CICompilerCount                          = 2                                         {product} {ergonomic}
    uintx GCTimeRatio                              = 4                                         {product} {command line}
     bool HeapDumpOnOutOfMemoryError               = true                                   {manageable} {command line}
    ccstr HeapDumpPath                             = c:\Users\grcor\AppData\Roaming\Code\User\workspaceStorage\a9f7b8264992395997b1cde2720797f1\redhat.java         {manageable} {command line}
   size_t InitialHeapSize                          = 104857600                                 {product} {command line}
   size_t MaxHeapSize                              = 1073741824                                {product} {command line}
   size_t MaxNewSize                               = 357564416                                 {product} {ergonomic}
   size_t MinHeapDeltaBytes                        = 524288                                    {product} {ergonomic}
   size_t MinHeapSize                              = 104857600                                 {product} {command line}
   size_t NewSize                                  = 34603008                                  {product} {ergonomic}
    uintx NonNMethodCodeHeapSize                   = 5826188                                {pd product} {ergonomic}
    uintx NonProfiledCodeHeapSize                  = 122916026                              {pd product} {ergonomic}
   size_t OldSize                                  = 70254592                                  {product} {ergonomic}
    uintx ProfiledCodeHeapSize                     = 122916026                              {pd product} {ergonomic}
    uintx ReservedCodeCacheSize                    = 251658240                              {pd product} {ergonomic}
     bool SegmentedCodeCache                       = true                                      {product} {ergonomic}
   size_t SoftMaxHeapSize                          = 1073741824                             {manageable} {ergonomic}
     bool UseCompressedClassPointers               = true                           {product lp64_product} {ergonomic}
     bool UseCompressedOops                        = true                           {product lp64_product} {ergonomic}
     bool UseLargePagesIndividualAllocation        = false                                  {pd product} {ergonomic}
     bool UseParallelGC                            = true                                      {product} {command line}

Logging:
Log output configuration:
 #0: stdout all=warning uptime,level,tags
 #1: stderr all=off uptime,level,tags

Environment Variables:
PATH=C:\Program Files\Eclipse Adoptium\jdk-17.0.3.7-hotspot\bin;C:\WINDOWS\system32;C:\WINDOWS;C:\WINDOWS\System32\Wbem;C:\WINDOWS\System32\WindowsPowerShell\v1.0\;C:\WINDOWS\System32\OpenSSH\;C:\Program Files\Git\cmd;C:\Users\grcor\AppData\Local\Microsoft\WindowsApps;C:\Users\grcor\AppData\Local\Programs\Microsoft VS Code\bin;C:\Users\grcor\AppData\Local\GitHubDesktop\bin
USERNAME=grcor
OS=Windows_NT
PROCESSOR_IDENTIFIER=Intel64 Family 6 Model 122 Stepping 1, GenuineIntel



---------------  S Y S T E M  ---------------

OS:
 Windows 11 , 64 bit Build 22000 (10.0.22000.675)
OS uptime: 25 days 21:57 hours

CPU: total 2 (initial active 2) (2 cores per cpu, 1 threads per core) family 6 model 122 stepping 1 microcode 0x34, cx8, cmov, fxsr, mmx, 3dnowpref, sse, sse2, sse3, ssse3, sse4.1, sse4.2, popcnt, tsc, tscinvbit, aes, erms, clmul, sha, clflush, clflushopt

Memory: 4k page, system-wide physical 3902M (320M free)
TotalPageFile size 11186M (AvailPageFile size 36M)
current process WorkingSet (physical memory assigned to process): 60M, peak: 60M
current process commit charge ("private bytes"): 178M, peak: 178M

vm_info: OpenJDK 64-Bit Server VM (17.0.3+7) for windows-amd64 JRE (17.0.3+7), built on Apr 19 2022 16:55:35 by "" with MS VC++ 16.7 (VS2019)

END.
