#
# There is insufficient memory for the Java Runtime Environment to continue.
# Native memory allocation (mmap) failed to map 65536 bytes for Failed to commit metaspace.
# Possible reasons:
#   The system is out of physical RAM or swap space
#   The process is running with CompressedOops enabled, and the Java Heap may be blocking the growth of the native heap
# Possible solutions:
#   Reduce memory load on the system
#   Increase physical memory or swap space
#   Check if swap backing store is full
#   Decrease Java heap size (-Xmx/-Xms)
#   Decrease number of Java threads
#   Decrease Java thread stack sizes (-Xss)
#   Set larger code cache with -XX:ReservedCodeCacheSize=
#   JVM is running with Unscaled Compressed Oops mode in which the Java heap is
#     placed in the first 4GB address space. The Java Heap base address is the
#     maximum limit for the native heap growth. Please use -XX:HeapBaseMinAddress
#     to set the Java Heap base and to place the Java Heap above 4GB virtual address.
# This output file may be truncated or incomplete.
#
#  Out of Memory Error (virtualSpaceNode.cpp:110), pid=10540, tid=14796
#
# JRE version: OpenJDK Runtime Environment Temurin-17.0.3+7 (17.0.3+7) (build 17.0.3+7)
# Java VM: OpenJDK 64-Bit Server VM Temurin-17.0.3+7 (17.0.3+7, mixed mode, tiered, compressed oops, compressed class ptrs, parallel gc, windows-amd64)
# No core dump will be written. Minidumps are not enabled by default on client versions of Windows
#

---------------  S U M M A R Y ------------

Command Line: --add-modules=ALL-SYSTEM --add-opens=java.base/java.util=ALL-UNNAMED --add-opens=java.base/java.lang=ALL-UNNAMED --add-opens=java.base/sun.nio.fs=ALL-UNNAMED -Declipse.application=org.eclipse.jdt.ls.core.id1 -Dosgi.bundles.defaultStartLevel=4 -Declipse.product=org.eclipse.jdt.ls.core.product -Djava.import.generatesMetadataFilesAtProjectRoot=false -Dfile.encoding=utf8 -DwatchParentProcess=false -XX:+UseParallelGC -XX:GCTimeRatio=4 -XX:AdaptiveSizePolicyWeight=90 -Dsun.zip.disableMemoryMapping=true -Xmx1G -Xms100m -XX:+HeapDumpOnOutOfMemoryError -XX:HeapDumpPath=c:\Users\grcor\AppData\Roaming\Code\User\workspaceStorage\a9f7b8264992395997b1cde2720797f1\redhat.java c:\Users\grcor\.vscode\extensions\redhat.java-1.7.0-win32-x64\server\plugins\org.eclipse.equinox.launcher_1.6.400.v20210924-0641.jar -configuration c:\Users\grcor\AppData\Roaming\Code\User\globalStorage\redhat.java\1.7.0\config_win -data c:\Users\grcor\AppData\Roaming\Code\User\workspaceStorage\a9f7b8264992395997b1cde2720797f1\redhat.java\jdt_ws

Host: Intel(R) Celeron(R) N4000 CPU @ 1.10GHz, 2 cores, 3G,  Windows 11 , 64 bit Build 22000 (10.0.22000.675)
Time: Sun Jun 19 17:22:48 2022 Hora oficial do Brasil elapsed time: 70.530585 seconds (0d 0h 1m 10s)

---------------  T H R E A D  ---------------

Current thread (0x000001a86ad44a40):  JavaThread "Worker-2: Initialize Workspace" [_thread_in_vm, id=14796, stack(0x0000001783300000,0x0000001783400000)]

Stack: [0x0000001783300000,0x0000001783400000]
Native frames: (J=compiled Java code, j=interpreted, Vv=VM code, C=native code)
V  [jvm.dll+0x675efa]
V  [jvm.dll+0x830a24]
V  [jvm.dll+0x8321ce]
V  [jvm.dll+0x832833]
V  [jvm.dll+0x2454b5]
V  [jvm.dll+0x82c9cb]
V  [jvm.dll+0x61ab26]
V  [jvm.dll+0x1c046e]
V  [jvm.dll+0x61d471]
V  [jvm.dll+0x61b4c6]
V  [jvm.dll+0x242f0c]
V  [jvm.dll+0x6cc39d]
V  [jvm.dll+0x6ccdcf]
V  [jvm.dll+0x36fdf3]
V  [jvm.dll+0x36efd2]
V  [jvm.dll+0x36ef78]
V  [jvm.dll+0x37ed9a]
C  0x000001a85788aba1

Java frames: (J=compiled Java code, j=interpreted, Vv=VM code)
j  org.eclipse.jdt.core.dom.ASTConverter.convertToFieldDeclaration(Lorg/eclipse/jdt/internal/compiler/ast/FieldDeclaration;)Lorg/eclipse/jdt/core/dom/FieldDeclaration;+6
j  org.eclipse.jdt.core.dom.ASTConverter.checkAndAddMultipleFieldDeclaration([Lorg/eclipse/jdt/internal/compiler/ast/FieldDeclaration;ILjava/util/List;)V+162
j  org.eclipse.jdt.core.dom.ASTConverter.buildBodyDeclarations(Lorg/eclipse/jdt/internal/compiler/ast/TypeDeclaration;Lorg/eclipse/jdt/core/dom/AbstractTypeDeclaration;Z)V+257
j  org.eclipse.jdt.core.dom.ASTConverter.convert(Lorg/eclipse/jdt/internal/compiler/ast/TypeDeclaration;)Lorg/eclipse/jdt/core/dom/ASTNode;+596
j  org.eclipse.jdt.core.dom.ASTConverter.convert(Lorg/eclipse/jdt/internal/compiler/ast/CompilationUnitDeclaration;[C)Lorg/eclipse/jdt/core/dom/CompilationUnit;+294
j  org.eclipse.jdt.core.dom.CompilationUnitResolver.convert(Lorg/eclipse/jdt/internal/compiler/ast/CompilationUnitDeclaration;[CILjava/util/Map;ZLorg/eclipse/jdt/core/WorkingCopyOwner;Lorg/eclipse/jdt/core/dom/DefaultBindingResolver$BindingTables;ILorg/eclipse/core/runtime/IProgressMonitor;ZLorg/eclipse/jdt/core/IJavaProject;)Lorg/eclipse/jdt/core/dom/CompilationUnit;+242
j  org.eclipse.jdt.core.dom.ASTParser.internalCreateAST(Lorg/eclipse/core/runtime/IProgressMonitor;)Lorg/eclipse/jdt/core/dom/ASTNode;+1045
j  org.eclipse.jdt.core.dom.ASTParser.createAST(Lorg/eclipse/core/runtime/IProgressMonitor;)Lorg/eclipse/jdt/core/dom/ASTNode;+39
j  org.eclipse.jdt.ls.core.internal.JDTUtils.getPackageName(Lorg/eclipse/jdt/core/IJavaProject;Ljava/lang/String;)Ljava/lang/String;+37
j  org.eclipse.jdt.ls.core.internal.JDTUtils.getPackageName(Lorg/eclipse/jdt/core/IJavaProject;Ljava/net/URI;)Ljava/lang/String;+194
j  org.eclipse.jdt.ls.core.internal.managers.InvisibleProjectImporter.getPackageName(Lorg/eclipse/core/runtime/IPath;Lorg/eclipse/core/runtime/IPath;Lorg/eclipse/jdt/core/IJavaProject;[[Ljava/lang/String;)Ljava/lang/String;+60
j  org.eclipse.jdt.ls.core.internal.managers.InvisibleProjectImporter.getPackageName(Lorg/eclipse/core/runtime/IPath;Lorg/eclipse/core/runtime/IPath;[[Ljava/lang/String;)Ljava/lang/String;+32
j  org.eclipse.jdt.ls.core.internal.managers.InvisibleProjectImporter.getPackageName(Lorg/eclipse/core/runtime/IPath;Lorg/eclipse/core/runtime/IPath;)Ljava/lang/String;+5
j  org.eclipse.jdt.ls.core.internal.managers.InvisibleProjectImporter.loadInvisibleProject(Lorg/eclipse/core/runtime/IPath;Lorg/eclipse/core/runtime/IPath;ZLorg/eclipse/core/runtime/IProgressMonitor;)Z+16
j  org.eclipse.jdt.ls.core.internal.managers.InvisibleProjectImporter.importToWorkspace(Lorg/eclipse/core/runtime/IProgressMonitor;)V+104
j  org.eclipse.jdt.ls.core.internal.managers.ProjectsManager.importProjects(Ljava/util/Collection;Lorg/eclipse/core/runtime/IProgressMonitor;)V+118
j  org.eclipse.jdt.ls.core.internal.managers.ProjectsManager.initializeProjects(Ljava/util/Collection;Lorg/eclipse/core/runtime/IProgressMonitor;)V+63
j  org.eclipse.jdt.ls.core.internal.handlers.InitHandler$1.runInWorkspace(Lorg/eclipse/core/runtime/IProgressMonitor;)Lorg/eclipse/core/runtime/IStatus;+73
j  org.eclipse.core.internal.resources.InternalWorkspaceJob.run(Lorg/eclipse/core/runtime/IProgressMonitor;)Lorg/eclipse/core/runtime/IStatus;+37
j  org.eclipse.core.internal.jobs.Worker.run()V+32
v  ~StubRoutines::call_stub

---------------  P R O C E S S  ---------------

Threads class SMR info:
_java_thread_list=0x000001a86e5215e0, length=25, elements={
0x000001a853414450, 0x000001a86912c020, 0x000001a86912d630, 0x000001a869141cc0,
0x000001a869142940, 0x000001a869170020, 0x000001a869171cf0, 0x000001a869172a80,
0x000001a8691cff90, 0x000001a8691d49d0, 0x000001a8534d2740, 0x000001a86a6134d0,
0x000001a86a8c0080, 0x000001a86ac8b860, 0x000001a86ac8bd30, 0x000001a86a88f850,
0x000001a86af58bc0, 0x000001a86abb3fe0, 0x000001a86ad44570, 0x000001a86ad41ef0,
0x000001a86ad44a40, 0x000001a86ad41550, 0x000001a86ad42890, 0x000001a86ad42d60,
0x000001a86ad43230
}

Java Threads: ( => current thread )
  0x000001a853414450 JavaThread "main" [_thread_blocked, id=10348, stack(0x0000001781900000,0x0000001781a00000)]
  0x000001a86912c020 JavaThread "Reference Handler" daemon [_thread_blocked, id=5188, stack(0x0000001781d00000,0x0000001781e00000)]
  0x000001a86912d630 JavaThread "Finalizer" daemon [_thread_blocked, id=2344, stack(0x0000001781e00000,0x0000001781f00000)]
  0x000001a869141cc0 JavaThread "Signal Dispatcher" daemon [_thread_blocked, id=6676, stack(0x0000001781f00000,0x0000001782000000)]
  0x000001a869142940 JavaThread "Attach Listener" daemon [_thread_blocked, id=19980, stack(0x0000001782000000,0x0000001782100000)]
  0x000001a869170020 JavaThread "Service Thread" daemon [_thread_blocked, id=22232, stack(0x0000001782100000,0x0000001782200000)]
  0x000001a869171cf0 JavaThread "Monitor Deflation Thread" daemon [_thread_blocked, id=1012, stack(0x0000001782200000,0x0000001782300000)]
  0x000001a869172a80 JavaThread "C2 CompilerThread0" daemon [_thread_blocked, id=5444, stack(0x0000001782300000,0x0000001782400000)]
  0x000001a8691cff90 JavaThread "C1 CompilerThread0" daemon [_thread_blocked, id=8248, stack(0x0000001782400000,0x0000001782500000)]
  0x000001a8691d49d0 JavaThread "Sweeper thread" daemon [_thread_blocked, id=5616, stack(0x0000001782500000,0x0000001782600000)]
  0x000001a8534d2740 JavaThread "Common-Cleaner" daemon [_thread_blocked, id=19196, stack(0x0000001782600000,0x0000001782700000)]
  0x000001a86a6134d0 JavaThread "Notification Thread" daemon [_thread_blocked, id=17864, stack(0x0000001782700000,0x0000001782800000)]
  0x000001a86a8c0080 JavaThread "Active Thread: Equinox Container: 10af8ecc-2497-4bbb-9d1a-b471f8b3c2bf" [_thread_blocked, id=13404, stack(0x0000001782900000,0x0000001782a00000)]
  0x000001a86ac8b860 JavaThread "Framework Event Dispatcher: Equinox Container: 10af8ecc-2497-4bbb-9d1a-b471f8b3c2bf" daemon [_thread_blocked, id=22352, stack(0x0000001782a00000,0x0000001782b00000)]
  0x000001a86ac8bd30 JavaThread "Start Level: Equinox Container: 10af8ecc-2497-4bbb-9d1a-b471f8b3c2bf" daemon [_thread_blocked, id=4760, stack(0x0000001782b00000,0x0000001782c00000)]
  0x000001a86a88f850 JavaThread "SCR Component Actor" daemon [_thread_blocked, id=2456, stack(0x0000001782d00000,0x0000001782e00000)]
  0x000001a86af58bc0 JavaThread "Bundle File Closer" daemon [_thread_blocked, id=2128, stack(0x0000001782f00000,0x0000001783000000)]
  0x000001a86abb3fe0 JavaThread "Worker-JM" [_thread_blocked, id=19828, stack(0x0000001783000000,0x0000001783100000)]
  0x000001a86ad44570 JavaThread "Worker-0" [_thread_blocked, id=16888, stack(0x0000001783100000,0x0000001783200000)]
  0x000001a86ad41ef0 JavaThread "Worker-1" [_thread_blocked, id=22188, stack(0x0000001783200000,0x0000001783300000)]
=>0x000001a86ad44a40 JavaThread "Worker-2: Initialize Workspace" [_thread_in_vm, id=14796, stack(0x0000001783300000,0x0000001783400000)]
  0x000001a86ad41550 JavaThread "Worker-3" [_thread_blocked, id=17736, stack(0x0000001783400000,0x0000001783500000)]
  0x000001a86ad42890 JavaThread "Java indexing" daemon [_thread_blocked, id=20440, stack(0x0000001782e00000,0x0000001782f00000)]
  0x000001a86ad42d60 JavaThread "Worker-4" [_thread_blocked, id=10020, stack(0x0000001783500000,0x0000001783600000)]
  0x000001a86ad43230 JavaThread "pool-1-thread-1" [_thread_blocked, id=14112, stack(0x0000001783800000,0x0000001783900000)]

Other Threads:
  0x000001a869115f10 VMThread "VM Thread" [stack: 0x0000001781c00000,0x0000001781d00000] [id=424] _threads_hazard_ptr=0x000001a86e5215e0
  0x000001a86a638670 WatcherThread [stack: 0x0000001782800000,0x0000001782900000] [id=21008]
  0x000001a85342a070 GCTaskThread "GC Thread#0" [stack: 0x0000001781b00000,0x0000001781c00000] [id=14480]
  0x000001a85338d5d0 GCTaskThread "GC Thread#1" [stack: 0x0000001782c00000,0x0000001782d00000] [id=9432]

Threads with active compile tasks:

VM state: synchronizing (normal execution)

VM Mutex/Monitor currently owned by a thread:  ([mutex/lock_event])
[0x000001a85340e0b0] Metaspace_lock - owner thread: 0x000001a86ad44a40
[0x000001a85340f6f0] Threads_lock - owner thread: 0x000001a869115f10

Heap address: 0x00000000c0000000, size: 1024 MB, Compressed Oops mode: 32-bit

CDS archive(s) not mapped
Compressed class space mapped at: 0x0000000100000000-0x0000000140000000, reserved size: 1073741824
Narrow klass base: 0x0000000000000000, Narrow klass shift: 3, Narrow klass range: 0x140000000

GC Precious Log:
 CPUs: 2 total, 2 available
 Memory: 3902M
 Large Page Support: Disabled
 NUMA Support: Disabled
 Compressed Oops: Enabled (32-bit)
 Alignments: Space 512K, Generation 512K, Heap 2M
 Heap Min Capacity: 100M
 Heap Initial Capacity: 100M
 Heap Max Capacity: 1G
 Pre-touch: Disabled
 Parallel Workers: 2

Heap:
 PSYoungGen      total 24576K, used 19988K [0x00000000eab00000, 0x00000000ec680000, 0x0000000100000000)
  eden space 22016K, 79% used [0x00000000eab00000,0x00000000ebc250d8,0x00000000ec080000)
  from space 2560K, 95% used [0x00000000ec400000,0x00000000ec660010,0x00000000ec680000)
  to   space 3072K, 0% used [0x00000000ec080000,0x00000000ec080000,0x00000000ec380000)
 ParOldGen       total 68608K, used 24744K [0x00000000c0000000, 0x00000000c4300000, 0x00000000eab00000)
  object space 68608K, 36% used [0x00000000c0000000,0x00000000c182a338,0x00000000c4300000)
 Metaspace       used 48632K, committed 49280K, reserved 1097728K
  class space    used 5170K, committed 5440K, reserved 1048576K

Card table byte_map: [0x000001a866a50000,0x000001a866c60000] _byte_map_base: 0x000001a866450000

Marking Bits: (ParMarkBitMap*) 0x00007fff5eea4b80
 Begin Bits: [0x000001a866dc0000, 0x000001a867dc0000)
 End Bits:   [0x000001a867dc0000, 0x000001a868dc0000)

Polling page: 0x000001a8534e0000

Metaspace:

Usage:
  Non-class:     42.44 MB used.
      Class:      5.05 MB used.
       Both:     47.49 MB used.

Virtual space:
  Non-class space:       48.00 MB reserved,      42.81 MB ( 89%) committed,  6 nodes.
      Class space:        1.00 GB reserved,       5.31 MB ( <1%) committed,  1 nodes.
             Both:        1.05 GB reserved,      48.12 MB (  4%) committed. 

Chunk freelists:
   Non-Class:  496.00 KB
       Class:  2.69 MB
        Both:  3.17 MB

MaxMetaspaceSize: unlimited
CompressedClassSpaceSize: 1.00 GB
Initial GC threshold: 21.00 MB
Current GC threshold: 58.38 MB
CDS: off
MetaspaceReclaimPolicy: balanced
 - commit_granule_bytes: 65536.
 - commit_granule_words: 8192.
 - virtual_space_node_default_size: 1048576.
 - enlarge_chunks_in_place: 1.
 - new_chunks_are_fully_committed: 0.
 - uncommit_free_chunks: 1.
 - use_allocation_guard: 0.
 - handle_deallocations: 1.


Internal statistics:

num_allocs_failed_limit: 6.
num_arena_births: 280.
num_arena_deaths: 0.
num_vsnodes_births: 7.
num_vsnodes_deaths: 0.
num_space_committed: 770.
num_space_uncommitted: 0.
num_chunks_returned_to_freelist: 6.
num_chunks_taken_from_freelist: 1991.
num_chunk_merges: 3.
num_chunk_splits: 1294.
num_chunks_enlarged: 838.
num_purges: 0.
num_inconsistent_stats: 0.

CodeHeap 'non-profiled nmethods': size=120064Kb used=2394Kb max_used=2394Kb free=117669Kb
 bounds [0x000001a85f330000, 0x000001a85f5a0000, 0x000001a866870000]
CodeHeap 'profiled nmethods': size=120000Kb used=10433Kb max_used=10433Kb free=109566Kb
 bounds [0x000001a857e00000, 0x000001a858840000, 0x000001a85f330000]
CodeHeap 'non-nmethods': size=5696Kb used=1282Kb max_used=1304Kb free=4413Kb
 bounds [0x000001a857870000, 0x000001a857ae0000, 0x000001a857e00000]
 total_blobs=5316 nmethods=4705 adapters=526
 compilation: enabled
              stopped_count=0, restarted_count=0
 full_count=0

Compilation events (20 events):
Event: 69.824 Thread 0x000001a8691cff90 4743   !   3       org.eclipse.jdt.internal.compiler.parser.Scanner::getNextToken0 (2562 bytes)
Event: 69.833 Thread 0x000001a8691cff90 nmethod 4743 0x000001a858815910 code [0x000001a8588163a0, 0x000001a85881cd48]
Event: 69.833 Thread 0x000001a8691cff90 4744       3       org.eclipse.jdt.internal.compiler.parser.Scanner::updateCase (20 bytes)
Event: 69.833 Thread 0x000001a8691cff90 nmethod 4744 0x000001a85881f290 code [0x000001a85881f420, 0x000001a85881f578]
Event: 69.833 Thread 0x000001a8691cff90 4742       3       org.eclipse.jdt.internal.compiler.parser.Scanner::getNextToken (179 bytes)
Event: 69.834 Thread 0x000001a8691cff90 nmethod 4742 0x000001a85881f610 code [0x000001a85881f860, 0x000001a8588204b8]
Event: 69.834 Thread 0x000001a8691cff90 4745       3       org.eclipse.jdt.internal.compiler.parser.Parser::consumeToken (2283 bytes)
Event: 69.845 Thread 0x000001a8691cff90 nmethod 4745 0x000001a858820710 code [0x000001a858821420, 0x000001a858829dc8]
Event: 69.845 Thread 0x000001a8691cff90 4746       3       org.eclipse.jdt.internal.compiler.parser.Parser::fetchNextToken (8 bytes)
Event: 69.845 Thread 0x000001a8691cff90 nmethod 4746 0x000001a85882bb90 code [0x000001a85882bd40, 0x000001a85882bf08]
Event: 69.845 Thread 0x000001a8691cff90 4747       3       java.lang.invoke.DirectMethodHandle::preparedLambdaForm (244 bytes)
Event: 69.847 Thread 0x000001a8691cff90 nmethod 4747 0x000001a85882c010 code [0x000001a85882c300, 0x000001a85882d238]
Event: 69.902 Thread 0x000001a8691cff90 4748       3       org.eclipse.jdt.internal.compiler.impl.JavaFeature::isSupported (22 bytes)
Event: 69.905 Thread 0x000001a8691cff90 nmethod 4748 0x000001a85882d810 code [0x000001a85882d9c0, 0x000001a85882dbb8]
Event: 69.928 Thread 0x000001a8691cff90 4749       3       org.eclipse.jdt.internal.compiler.parser.Parser::pushOnIntStack (54 bytes)
Event: 69.929 Thread 0x000001a8691cff90 nmethod 4749 0x000001a85882dc90 code [0x000001a85882de40, 0x000001a85882e128]
Event: 69.929 Thread 0x000001a8691cff90 4750       3       org.eclipse.jdt.internal.compiler.parser.Scanner::mayBeAtCasePattern (41 bytes)
Event: 69.929 Thread 0x000001a8691cff90 nmethod 4750 0x000001a85882e290 code [0x000001a85882e460, 0x000001a85882e888]
Event: 70.228 Thread 0x000001a869172a80 4751       4       java.lang.ClassLoader::getPackage (36 bytes)
Event: 70.232 Thread 0x000001a869172a80 nmethod 4751 0x000001a85f586190 code [0x000001a85f5863a0, 0x000001a85f586640]

GC Heap History (20 events):
Event: 33.136 GC heap before
{Heap before GC invocations=5 (full 1):
 PSYoungGen      total 29696K, used 25600K [0x00000000eab00000, 0x00000000ecc00000, 0x0000000100000000)
  eden space 25600K, 100% used [0x00000000eab00000,0x00000000ec400000,0x00000000ec400000)
  from space 4096K, 0% used [0x00000000ec400000,0x00000000ec400000,0x00000000ec800000)
  to   space 4096K, 0% used [0x00000000ec800000,0x00000000ec800000,0x00000000ecc00000)
 ParOldGen       total 68608K, used 9392K [0x00000000c0000000, 0x00000000c4300000, 0x00000000eab00000)
  object space 68608K, 13% used [0x00000000c0000000,0x00000000c092c138,0x00000000c4300000)
 Metaspace       used 29848K, committed 30272K, reserved 1081344K
  class space    used 3028K, committed 3200K, reserved 1048576K
}
Event: 33.140 GC heap after
{Heap after GC invocations=5 (full 1):
 PSYoungGen      total 29696K, used 1943K [0x00000000eab00000, 0x00000000ecc00000, 0x0000000100000000)
  eden space 25600K, 0% used [0x00000000eab00000,0x00000000eab00000,0x00000000ec400000)
  from space 4096K, 47% used [0x00000000ec800000,0x00000000ec9e5f90,0x00000000ecc00000)
  to   space 4096K, 0% used [0x00000000ec400000,0x00000000ec400000,0x00000000ec800000)
 ParOldGen       total 68608K, used 9392K [0x00000000c0000000, 0x00000000c4300000, 0x00000000eab00000)
  object space 68608K, 13% used [0x00000000c0000000,0x00000000c092c138,0x00000000c4300000)
 Metaspace       used 29848K, committed 30272K, reserved 1081344K
  class space    used 3028K, committed 3200K, reserved 1048576K
}
Event: 42.854 GC heap before
{Heap before GC invocations=6 (full 1):
 PSYoungGen      total 29696K, used 27543K [0x00000000eab00000, 0x00000000ecc00000, 0x0000000100000000)
  eden space 25600K, 100% used [0x00000000eab00000,0x00000000ec400000,0x00000000ec400000)
  from space 4096K, 47% used [0x00000000ec800000,0x00000000ec9e5f90,0x00000000ecc00000)
  to   space 4096K, 0% used [0x00000000ec400000,0x00000000ec400000,0x00000000ec800000)
 ParOldGen       total 68608K, used 9392K [0x00000000c0000000, 0x00000000c4300000, 0x00000000eab00000)
  object space 68608K, 13% used [0x00000000c0000000,0x00000000c092c138,0x00000000c4300000)
 Metaspace       used 33573K, committed 34048K, reserved 1081344K
  class space    used 3441K, committed 3648K, reserved 1048576K
}
Event: 42.860 GC heap after
{Heap after GC invocations=6 (full 1):
 PSYoungGen      total 28672K, used 3512K [0x00000000eab00000, 0x00000000ecb80000, 0x0000000100000000)
  eden space 25088K, 0% used [0x00000000eab00000,0x00000000eab00000,0x00000000ec380000)
  from space 3584K, 98% used [0x00000000ec400000,0x00000000ec76e260,0x00000000ec780000)
  to   space 4096K, 0% used [0x00000000ec780000,0x00000000ec780000,0x00000000ecb80000)
 ParOldGen       total 68608K, used 9400K [0x00000000c0000000, 0x00000000c4300000, 0x00000000eab00000)
  object space 68608K, 13% used [0x00000000c0000000,0x00000000c092e138,0x00000000c4300000)
 Metaspace       used 33573K, committed 34048K, reserved 1081344K
  class space    used 3441K, committed 3648K, reserved 1048576K
}
Event: 44.559 GC heap before
{Heap before GC invocations=7 (full 1):
 PSYoungGen      total 28672K, used 9815K [0x00000000eab00000, 0x00000000ecb80000, 0x0000000100000000)
  eden space 25088K, 25% used [0x00000000eab00000,0x00000000eb127d58,0x00000000ec380000)
  from space 3584K, 98% used [0x00000000ec400000,0x00000000ec76e260,0x00000000ec780000)
  to   space 4096K, 0% used [0x00000000ec780000,0x00000000ec780000,0x00000000ecb80000)
 ParOldGen       total 68608K, used 9400K [0x00000000c0000000, 0x00000000c4300000, 0x00000000eab00000)
  object space 68608K, 13% used [0x00000000c0000000,0x00000000c092e138,0x00000000c4300000)
 Metaspace       used 35269K, committed 35840K, reserved 1081344K
  class space    used 3660K, committed 3904K, reserved 1048576K
}
Event: 44.566 GC heap after
{Heap after GC invocations=7 (full 1):
 PSYoungGen      total 29184K, used 3847K [0x00000000eab00000, 0x00000000ecb80000, 0x0000000100000000)
  eden space 25088K, 0% used [0x00000000eab00000,0x00000000eab00000,0x00000000ec380000)
  from space 4096K, 93% used [0x00000000ec780000,0x00000000ecb41f10,0x00000000ecb80000)
  to   space 4096K, 0% used [0x00000000ec380000,0x00000000ec380000,0x00000000ec780000)
 ParOldGen       total 68608K, used 9408K [0x00000000c0000000, 0x00000000c4300000, 0x00000000eab00000)
  object space 68608K, 13% used [0x00000000c0000000,0x00000000c0930138,0x00000000c4300000)
 Metaspace       used 35269K, committed 35840K, reserved 1081344K
  class space    used 3660K, committed 3904K, reserved 1048576K
}
Event: 44.566 GC heap before
{Heap before GC invocations=8 (full 2):
 PSYoungGen      total 29184K, used 3847K [0x00000000eab00000, 0x00000000ecb80000, 0x0000000100000000)
  eden space 25088K, 0% used [0x00000000eab00000,0x00000000eab00000,0x00000000ec380000)
  from space 4096K, 93% used [0x00000000ec780000,0x00000000ecb41f10,0x00000000ecb80000)
  to   space 4096K, 0% used [0x00000000ec380000,0x00000000ec380000,0x00000000ec780000)
 ParOldGen       total 68608K, used 9408K [0x00000000c0000000, 0x00000000c4300000, 0x00000000eab00000)
  object space 68608K, 13% used [0x00000000c0000000,0x00000000c0930138,0x00000000c4300000)
 Metaspace       used 35269K, committed 35840K, reserved 1081344K
  class space    used 3660K, committed 3904K, reserved 1048576K
}
Event: 44.647 GC heap after
{Heap after GC invocations=8 (full 2):
 PSYoungGen      total 29184K, used 0K [0x00000000eab00000, 0x00000000ecb80000, 0x0000000100000000)
  eden space 25088K, 0% used [0x00000000eab00000,0x00000000eab00000,0x00000000ec380000)
  from space 4096K, 0% used [0x00000000ec780000,0x00000000ec780000,0x00000000ecb80000)
  to   space 4096K, 0% used [0x00000000ec380000,0x00000000ec380000,0x00000000ec780000)
 ParOldGen       total 68608K, used 12096K [0x00000000c0000000, 0x00000000c4300000, 0x00000000eab00000)
  object space 68608K, 17% used [0x00000000c0000000,0x00000000c0bd0060,0x00000000c4300000)
 Metaspace       used 35269K, committed 35840K, reserved 1081344K
  class space    used 3660K, committed 3904K, reserved 1048576K
}
Event: 54.422 GC heap before
{Heap before GC invocations=9 (full 2):
 PSYoungGen      total 29184K, used 25088K [0x00000000eab00000, 0x00000000ecb80000, 0x0000000100000000)
  eden space 25088K, 100% used [0x00000000eab00000,0x00000000ec380000,0x00000000ec380000)
  from space 4096K, 0% used [0x00000000ec780000,0x00000000ec780000,0x00000000ecb80000)
  to   space 4096K, 0% used [0x00000000ec380000,0x00000000ec380000,0x00000000ec780000)
 ParOldGen       total 68608K, used 12096K [0x00000000c0000000, 0x00000000c4300000, 0x00000000eab00000)
  object space 68608K, 17% used [0x00000000c0000000,0x00000000c0bd0060,0x00000000c4300000)
 Metaspace       used 41980K, committed 42688K, reserved 1089536K
  class space    used 4511K, committed 4800K, reserved 1048576K
}
Event: 54.429 GC heap after
{Heap after GC invocations=9 (full 2):
 PSYoungGen      total 27648K, used 2575K [0x00000000eab00000, 0x00000000ec900000, 0x0000000100000000)
  eden space 24576K, 0% used [0x00000000eab00000,0x00000000eab00000,0x00000000ec300000)
  from space 3072K, 83% used [0x00000000ec380000,0x00000000ec603ea8,0x00000000ec680000)
  to   space 2560K, 0% used [0x00000000ec680000,0x00000000ec680000,0x00000000ec900000)
 ParOldGen       total 68608K, used 12096K [0x00000000c0000000, 0x00000000c4300000, 0x00000000eab00000)
  object space 68608K, 17% used [0x00000000c0000000,0x00000000c0bd0060,0x00000000c4300000)
 Metaspace       used 41980K, committed 42688K, reserved 1089536K
  class space    used 4511K, committed 4800K, reserved 1048576K
}
Event: 65.021 GC heap before
{Heap before GC invocations=10 (full 2):
 PSYoungGen      total 27648K, used 27151K [0x00000000eab00000, 0x00000000ec900000, 0x0000000100000000)
  eden space 24576K, 100% used [0x00000000eab00000,0x00000000ec300000,0x00000000ec300000)
  from space 3072K, 83% used [0x00000000ec380000,0x00000000ec603ea8,0x00000000ec680000)
  to   space 2560K, 0% used [0x00000000ec680000,0x00000000ec680000,0x00000000ec900000)
 ParOldGen       total 68608K, used 12096K [0x00000000c0000000, 0x00000000c4300000, 0x00000000eab00000)
  object space 68608K, 17% used [0x00000000c0000000,0x00000000c0bd0060,0x00000000c4300000)
 Metaspace       used 44373K, committed 45056K, reserved 1089536K
  class space    used 4780K, committed 5056K, reserved 1048576K
}
Event: 65.036 GC heap after
{Heap after GC invocations=10 (full 2):
 PSYoungGen      total 24576K, used 2545K [0x00000000eab00000, 0x00000000ece80000, 0x0000000100000000)
  eden space 22016K, 0% used [0x00000000eab00000,0x00000000eab00000,0x00000000ec080000)
  from space 2560K, 99% used [0x00000000ec680000,0x00000000ec8fc760,0x00000000ec900000)
  to   space 6144K, 0% used [0x00000000ec080000,0x00000000ec080000,0x00000000ec680000)
 ParOldGen       total 68608K, used 15079K [0x00000000c0000000, 0x00000000c4300000, 0x00000000eab00000)
  object space 68608K, 21% used [0x00000000c0000000,0x00000000c0eb9f88,0x00000000c4300000)
 Metaspace       used 44373K, committed 45056K, reserved 1089536K
  class space    used 4780K, committed 5056K, reserved 1048576K
}
Event: 66.118 GC heap before
{Heap before GC invocations=11 (full 2):
 PSYoungGen      total 24576K, used 24561K [0x00000000eab00000, 0x00000000ece80000, 0x0000000100000000)
  eden space 22016K, 100% used [0x00000000eab00000,0x00000000ec080000,0x00000000ec080000)
  from space 2560K, 99% used [0x00000000ec680000,0x00000000ec8fc760,0x00000000ec900000)
  to   space 6144K, 0% used [0x00000000ec080000,0x00000000ec080000,0x00000000ec680000)
 ParOldGen       total 68608K, used 15079K [0x00000000c0000000, 0x00000000c4300000, 0x00000000eab00000)
  object space 68608K, 21% used [0x00000000c0000000,0x00000000c0eb9f88,0x00000000c4300000)
 Metaspace       used 44585K, committed 45312K, reserved 1089536K
  class space    used 4798K, committed 5120K, reserved 1048576K
}
Event: 66.129 GC heap after
{Heap after GC invocations=11 (full 2):
 PSYoungGen      total 27136K, used 4689K [0x00000000eab00000, 0x00000000eca80000, 0x0000000100000000)
  eden space 22016K, 0% used [0x00000000eab00000,0x00000000eab00000,0x00000000ec080000)
  from space 5120K, 91% used [0x00000000ec080000,0x00000000ec514770,0x00000000ec580000)
  to   space 5120K, 0% used [0x00000000ec580000,0x00000000ec580000,0x00000000eca80000)
 ParOldGen       total 68608K, used 15079K [0x00000000c0000000, 0x00000000c4300000, 0x00000000eab00000)
  object space 68608K, 21% used [0x00000000c0000000,0x00000000c0eb9f88,0x00000000c4300000)
 Metaspace       used 44585K, committed 45312K, reserved 1089536K
  class space    used 4798K, committed 5120K, reserved 1048576K
}
Event: 67.001 GC heap before
{Heap before GC invocations=12 (full 2):
 PSYoungGen      total 27136K, used 26705K [0x00000000eab00000, 0x00000000eca80000, 0x0000000100000000)
  eden space 22016K, 100% used [0x00000000eab00000,0x00000000ec080000,0x00000000ec080000)
  from space 5120K, 91% used [0x00000000ec080000,0x00000000ec514770,0x00000000ec580000)
  to   space 5120K, 0% used [0x00000000ec580000,0x00000000ec580000,0x00000000eca80000)
 ParOldGen       total 68608K, used 15079K [0x00000000c0000000, 0x00000000c4300000, 0x00000000eab00000)
  object space 68608K, 21% used [0x00000000c0000000,0x00000000c0eb9f88,0x00000000c4300000)
 Metaspace       used 44655K, committed 45376K, reserved 1097728K
  class space    used 4811K, committed 5120K, reserved 1048576K
}
Event: 67.018 GC heap after
{Heap after GC invocations=12 (full 2):
 PSYoungGen      total 27136K, used 4736K [0x00000000eab00000, 0x00000000eca80000, 0x0000000100000000)
  eden space 22016K, 0% used [0x00000000eab00000,0x00000000eab00000,0x00000000ec080000)
  from space 5120K, 92% used [0x00000000ec580000,0x00000000eca20020,0x00000000eca80000)
  to   space 5120K, 0% used [0x00000000ec080000,0x00000000ec080000,0x00000000ec580000)
 ParOldGen       total 68608K, used 17629K [0x00000000c0000000, 0x00000000c4300000, 0x00000000eab00000)
  object space 68608K, 25% used [0x00000000c0000000,0x00000000c1137420,0x00000000c4300000)
 Metaspace       used 44655K, committed 45376K, reserved 1097728K
  class space    used 4811K, committed 5120K, reserved 1048576K
}
Event: 67.203 GC heap before
{Heap before GC invocations=13 (full 2):
 PSYoungGen      total 27136K, used 26752K [0x00000000eab00000, 0x00000000eca80000, 0x0000000100000000)
  eden space 22016K, 100% used [0x00000000eab00000,0x00000000ec080000,0x00000000ec080000)
  from space 5120K, 92% used [0x00000000ec580000,0x00000000eca20020,0x00000000eca80000)
  to   space 5120K, 0% used [0x00000000ec080000,0x00000000ec080000,0x00000000ec580000)
 ParOldGen       total 68608K, used 17629K [0x00000000c0000000, 0x00000000c4300000, 0x00000000eab00000)
  object space 68608K, 25% used [0x00000000c0000000,0x00000000c1137420,0x00000000c4300000)
 Metaspace       used 44656K, committed 45376K, reserved 1097728K
  class space    used 4811K, committed 5120K, reserved 1048576K
}
Event: 67.221 GC heap after
{Heap after GC invocations=13 (full 2):
 PSYoungGen      total 24576K, used 2400K [0x00000000eab00000, 0x00000000ec780000, 0x0000000100000000)
  eden space 22016K, 0% used [0x00000000eab00000,0x00000000eab00000,0x00000000ec080000)
  from space 2560K, 93% used [0x00000000ec080000,0x00000000ec2d8000,0x00000000ec300000)
  to   space 3584K, 0% used [0x00000000ec400000,0x00000000ec400000,0x00000000ec780000)
 ParOldGen       total 68608K, used 22352K [0x00000000c0000000, 0x00000000c4300000, 0x00000000eab00000)
  object space 68608K, 32% used [0x00000000c0000000,0x00000000c15d4338,0x00000000c4300000)
 Metaspace       used 44656K, committed 45376K, reserved 1097728K
  class space    used 4811K, committed 5120K, reserved 1048576K
}
Event: 67.562 GC heap before
{Heap before GC invocations=14 (full 2):
 PSYoungGen      total 24576K, used 24416K [0x00000000eab00000, 0x00000000ec780000, 0x0000000100000000)
  eden space 22016K, 100% used [0x00000000eab00000,0x00000000ec080000,0x00000000ec080000)
  from space 2560K, 93% used [0x00000000ec080000,0x00000000ec2d8000,0x00000000ec300000)
  to   space 3584K, 0% used [0x00000000ec400000,0x00000000ec400000,0x00000000ec780000)
 ParOldGen       total 68608K, used 22352K [0x00000000c0000000, 0x00000000c4300000, 0x00000000eab00000)
  object space 68608K, 32% used [0x00000000c0000000,0x00000000c15d4338,0x00000000c4300000)
 Metaspace       used 44657K, committed 45376K, reserved 1097728K
  class space    used 4811K, committed 5120K, reserved 1048576K
}
Event: 67.576 GC heap after
{Heap after GC invocations=14 (full 2):
 PSYoungGen      total 24576K, used 2432K [0x00000000eab00000, 0x00000000ec680000, 0x0000000100000000)
  eden space 22016K, 0% used [0x00000000eab00000,0x00000000eab00000,0x00000000ec080000)
  from space 2560K, 95% used [0x00000000ec400000,0x00000000ec660010,0x00000000ec680000)
  to   space 3072K, 0% used [0x00000000ec080000,0x00000000ec080000,0x00000000ec380000)
 ParOldGen       total 68608K, used 24744K [0x00000000c0000000, 0x00000000c4300000, 0x00000000eab00000)
  object space 68608K, 36% used [0x00000000c0000000,0x00000000c182a338,0x00000000c4300000)
 Metaspace       used 44657K, committed 45376K, reserved 1097728K
  class space    used 4811K, committed 5120K, reserved 1048576K
}

Deoptimization events (20 events):
Event: 69.277 Thread 0x000001a86ad44a40 DEOPT PACKING pc=0x000001a85f3c8824 sp=0x00000017833fe310
Event: 69.277 Thread 0x000001a86ad44a40 DEOPT UNPACKING pc=0x000001a8578c209d sp=0x00000017833fe2a0 mode 2
Event: 69.278 Thread 0x000001a86ad44a40 DEOPT PACKING pc=0x000001a858726e9e sp=0x00000017833fe2b0
Event: 69.278 Thread 0x000001a86ad44a40 DEOPT UNPACKING pc=0x000001a8578c2824 sp=0x00000017833fd7a0 mode 0
Event: 69.278 Thread 0x000001a86ad44a40 DEOPT PACKING pc=0x000001a858726e9e sp=0x00000017833fe2b0
Event: 69.278 Thread 0x000001a86ad44a40 DEOPT UNPACKING pc=0x000001a8578c2824 sp=0x00000017833fd7a0 mode 0
Event: 69.279 Thread 0x000001a86ad44a40 DEOPT PACKING pc=0x000001a858726e9e sp=0x00000017833fe2b0
Event: 69.279 Thread 0x000001a86ad44a40 DEOPT UNPACKING pc=0x000001a8578c2824 sp=0x00000017833fd7a0 mode 0
Event: 69.279 Thread 0x000001a86ad44a40 DEOPT PACKING pc=0x000001a858726e9e sp=0x00000017833fe2b0
Event: 69.279 Thread 0x000001a86ad44a40 DEOPT UNPACKING pc=0x000001a8578c2824 sp=0x00000017833fd7a0 mode 0
Event: 69.279 Thread 0x000001a86ad44a40 DEOPT PACKING pc=0x000001a858726e9e sp=0x00000017833fe2b0
Event: 69.279 Thread 0x000001a86ad44a40 DEOPT UNPACKING pc=0x000001a8578c2824 sp=0x00000017833fd7a0 mode 0
Event: 69.280 Thread 0x000001a86ad44a40 DEOPT PACKING pc=0x000001a858726e9e sp=0x00000017833fe2b0
Event: 69.280 Thread 0x000001a86ad44a40 DEOPT UNPACKING pc=0x000001a8578c2824 sp=0x00000017833fd7a0 mode 0
Event: 69.280 Thread 0x000001a86ad44a40 DEOPT PACKING pc=0x000001a858726e9e sp=0x00000017833fe2b0
Event: 69.280 Thread 0x000001a86ad44a40 DEOPT UNPACKING pc=0x000001a8578c2824 sp=0x00000017833fd7a0 mode 0
Event: 69.281 Thread 0x000001a86ad44a40 DEOPT PACKING pc=0x000001a858726e9e sp=0x00000017833fe2b0
Event: 69.281 Thread 0x000001a86ad44a40 DEOPT UNPACKING pc=0x000001a8578c2824 sp=0x00000017833fd7a0 mode 0
Event: 69.281 Thread 0x000001a86ad44a40 DEOPT PACKING pc=0x000001a858726e9e sp=0x00000017833fe2b0
Event: 69.281 Thread 0x000001a86ad44a40 DEOPT UNPACKING pc=0x000001a8578c2824 sp=0x00000017833fd7a0 mode 0

Classes unloaded (0 events):
No events

Classes redefined (0 events):
No events

Internal exceptions (20 events):
Event: 68.046 Thread 0x000001a86ad44a40 Exception <a 'sun/nio/fs/WindowsException'{0x00000000eb326298}> (0x00000000eb326298) 
thrown [e:\jenkins\tmp\workspace\build\src\src\hotspot\share\prims\jni.cpp, line 516]
Event: 68.046 Thread 0x000001a86ad44a40 Exception <a 'sun/nio/fs/WindowsException'{0x00000000eb326b38}> (0x00000000eb326b38) 
thrown [e:\jenkins\tmp\workspace\build\src\src\hotspot\share\prims\jni.cpp, line 516]
Event: 68.046 Thread 0x000001a86ad44a40 Exception <a 'sun/nio/fs/WindowsException'{0x00000000eb3273e0}> (0x00000000eb3273e0) 
thrown [e:\jenkins\tmp\workspace\build\src\src\hotspot\share\prims\jni.cpp, line 516]
Event: 68.046 Thread 0x000001a86ad44a40 Exception <a 'sun/nio/fs/WindowsException'{0x00000000eb327c98}> (0x00000000eb327c98) 
thrown [e:\jenkins\tmp\workspace\build\src\src\hotspot\share\prims\jni.cpp, line 516]
Event: 68.047 Thread 0x000001a86ad44a40 Exception <a 'sun/nio/fs/WindowsException'{0x00000000eb32db08}> (0x00000000eb32db08) 
thrown [e:\jenkins\tmp\workspace\build\src\src\hotspot\share\prims\jni.cpp, line 516]
Event: 68.047 Thread 0x000001a86ad44a40 Exception <a 'sun/nio/fs/WindowsException'{0x00000000eb32e3e0}> (0x00000000eb32e3e0) 
thrown [e:\jenkins\tmp\workspace\build\src\src\hotspot\share\prims\jni.cpp, line 516]
Event: 68.047 Thread 0x000001a86ad44a40 Exception <a 'sun/nio/fs/WindowsException'{0x00000000eb32ecb8}> (0x00000000eb32ecb8) 
thrown [e:\jenkins\tmp\workspace\build\src\src\hotspot\share\prims\jni.cpp, line 516]
Event: 68.048 Thread 0x000001a86ad44a40 Exception <a 'sun/nio/fs/WindowsException'{0x00000000eb32f5b0}> (0x00000000eb32f5b0) 
thrown [e:\jenkins\tmp\workspace\build\src\src\hotspot\share\prims\jni.cpp, line 516]
Event: 68.059 Thread 0x000001a86ad44a40 Exception <a 'sun/nio/fs/WindowsException'{0x00000000eb338260}> (0x00000000eb338260) 
thrown [e:\jenkins\tmp\workspace\build\src\src\hotspot\share\prims\jni.cpp, line 516]
Event: 68.060 Thread 0x000001a86ad44a40 Exception <a 'sun/nio/fs/WindowsException'{0x00000000eb33d898}> (0x00000000eb33d898) 
thrown [e:\jenkins\tmp\workspace\build\src\src\hotspot\share\prims\jni.cpp, line 516]
Event: 68.061 Thread 0x000001a86ad44a40 Exception <a 'sun/nio/fs/WindowsException'{0x00000000eb343298}> (0x00000000eb343298) 
thrown [e:\jenkins\tmp\workspace\build\src\src\hotspot\share\prims\jni.cpp, line 516]
Event: 68.064 Thread 0x000001a86ad44a40 Exception <a 'sun/nio/fs/WindowsException'{0x00000000eb348c68}> (0x00000000eb348c68) 
thrown [e:\jenkins\tmp\workspace\build\src\src\hotspot\share\prims\jni.cpp, line 516]
Event: 68.065 Thread 0x000001a86ad44a40 Exception <a 'sun/nio/fs/WindowsException'{0x00000000eb34fc48}> (0x00000000eb34fc48) 
thrown [e:\jenkins\tmp\workspace\build\src\src\hotspot\share\prims\jni.cpp, line 516]
Event: 68.069 Thread 0x000001a86ad44a40 Exception <a 'sun/nio/fs/WindowsException'{0x00000000eb355a68}> (0x00000000eb355a68) 
thrown [e:\jenkins\tmp\workspace\build\src\src\hotspot\share\prims\jni.cpp, line 516]
Event: 68.349 Thread 0x000001a86ad44a40 Exception <a 'sun/nio/fs/WindowsException'{0x00000000eb35e0c0}> (0x00000000eb35e0c0) 
thrown [e:\jenkins\tmp\workspace\build\src\src\hotspot\share\prims\jni.cpp, line 516]
Event: 68.359 Thread 0x000001a86ad44a40 Exception <a 'sun/nio/fs/WindowsException'{0x00000000eb367518}> (0x00000000eb367518) 
thrown [e:\jenkins\tmp\workspace\build\src\src\hotspot\share\prims\jni.cpp, line 516]
Event: 68.361 Thread 0x000001a86ad44a40 Exception <a 'sun/nio/fs/WindowsException'{0x00000000eb36aed0}> (0x00000000eb36aed0) 
thrown [e:\jenkins\tmp\workspace\build\src\src\hotspot\share\prims\jni.cpp, line 516]
Event: 68.363 Thread 0x000001a86ad44a40 Exception <a 'sun/nio/fs/WindowsException'{0x00000000eb3720c8}> (0x00000000eb3720c8) 
thrown [e:\jenkins\tmp\workspace\build\src\src\hotspot\share\prims\jni.cpp, line 516]
Event: 68.364 Thread 0x000001a86ad44a40 Exception <a 'sun/nio/fs/WindowsException'{0x00000000eb376260}> (0x00000000eb376260) 
thrown [e:\jenkins\tmp\workspace\build\src\src\hotspot\share\prims\jni.cpp, line 516]
Event: 68.368 Thread 0x000001a86ad44a40 Exception <a 'sun/nio/fs/WindowsException'{0x00000000eb379fa0}> (0x00000000eb379fa0) 
thrown [e:\jenkins\tmp\workspace\build\src\src\hotspot\share\prims\jni.cpp, line 516]

VM Operations (20 events):
Event: 64.902 Executing VM operation: Cleanup
Event: 65.020 Executing VM operation: Cleanup done
Event: 65.021 Executing VM operation: ParallelGCFailedAllocation
Event: 65.043 Executing VM operation: ParallelGCFailedAllocation done
Event: 66.059 Executing VM operation: Cleanup
Event: 66.087 Executing VM operation: Cleanup done
Event: 66.117 Executing VM operation: ParallelGCFailedAllocation
Event: 66.135 Executing VM operation: ParallelGCFailedAllocation done
Event: 67.001 Executing VM operation: ParallelGCFailedAllocation
Event: 67.018 Executing VM operation: ParallelGCFailedAllocation done
Event: 67.203 Executing VM operation: ParallelGCFailedAllocation
Event: 67.221 Executing VM operation: ParallelGCFailedAllocation done
Event: 67.562 Executing VM operation: ParallelGCFailedAllocation
Event: 67.576 Executing VM operation: ParallelGCFailedAllocation done
Event: 68.580 Executing VM operation: Cleanup
Event: 68.581 Executing VM operation: Cleanup done
Event: 68.636 Executing VM operation: HandshakeAllThreads
Event: 68.636 Executing VM operation: HandshakeAllThreads done
Event: 69.646 Executing VM operation: Cleanup
Event: 69.648 Executing VM operation: Cleanup done

Events (20 events):
Event: 68.018 loading class sun/nio/fs/WindowsFileSystem$2
Event: 68.018 loading class java/nio/file/PathMatcher
Event: 68.018 loading class java/nio/file/PathMatcher done
Event: 68.018 loading class sun/nio/fs/WindowsFileSystem$2 done
Event: 68.026 loading class sun/nio/fs/WindowsPath$1
Event: 68.026 loading class sun/nio/fs/WindowsPath$1 done
Event: 68.666 loading class java/lang/ExceptionInInitializerError
Event: 68.666 loading class java/lang/ExceptionInInitializerError done
Event: 69.827 loading class java/util/function/ToIntFunction
Event: 69.827 loading class java/util/function/ToIntFunction done
Event: 69.827 loading class java/util/stream/ReferencePipeline$4
Event: 69.828 loading class java/util/stream/ReferencePipeline$4 done
Event: 69.828 loading class java/util/stream/Nodes$IntFixedNodeBuilder
Event: 69.828 loading class java/util/stream/Node$Builder$OfInt
Event: 69.828 loading class java/util/stream/Node$Builder$OfInt done
Event: 69.828 loading class java/util/stream/Nodes$IntArrayNode
Event: 69.828 loading class java/util/stream/Nodes$IntArrayNode done
Event: 69.828 loading class java/util/stream/Nodes$IntFixedNodeBuilder done
Event: 69.829 loading class java/util/stream/ReferencePipeline$4$1
Event: 69.829 loading class java/util/stream/ReferencePipeline$4$1 done


Dynamic libraries:
0x00007ff730730000 - 0x00007ff73073e000 	c:\Users\grcor\.vscode\extensions\redhat.java-1.7.0-win32-x64\jre\17.0.3-win32-x86_64\bin\java.exe
0x00007fffa1940000 - 0x00007fffa1b49000 	C:\WINDOWS\SYSTEM32\ntdll.dll
0x00007fff9f970000 - 0x00007fff9fa2d000 	C:\WINDOWS\System32\KERNEL32.DLL
0x00007fff9f020000 - 0x00007fff9f399000 	C:\WINDOWS\System32\KERNELBASE.dll
0x00007fff9c3e0000 - 0x00007fff9c471000 	C:\WINDOWS\SYSTEM32\apphelp.dll
0x00007fff9ef00000 - 0x00007fff9f011000 	C:\WINDOWS\System32\ucrtbase.dll
0x00007fff96ba0000 - 0x00007fff96bb8000 	c:\Users\grcor\.vscode\extensions\redhat.java-1.7.0-win32-x64\jre\17.0.3-win32-x86_64\bin\jli.dll
0x00007fffa0520000 - 0x00007fffa06cc000 	C:\WINDOWS\System32\USER32.dll
0x00007fff9ee30000 - 0x00007fff9ee56000 	C:\WINDOWS\System32\win32u.dll
0x00007fff9f8e0000 - 0x00007fff9f909000 	C:\WINDOWS\System32\GDI32.dll
0x00007fff9f6c0000 - 0x00007fff9f7d2000 	C:\WINDOWS\System32\gdi32full.dll
0x00007fff9ee60000 - 0x00007fff9eefd000 	C:\WINDOWS\System32\msvcp_win.dll
0x00007fff96b80000 - 0x00007fff96b99000 	c:\Users\grcor\.vscode\extensions\redhat.java-1.7.0-win32-x64\jre\17.0.3-win32-x86_64\bin\VCRUNTIME140.dll
0x00007fff86f10000 - 0x00007fff871b5000 	C:\WINDOWS\WinSxS\amd64_microsoft.windows.common-controls_6595b64144ccf1df_6.0.22000.120_none_9d947278b86cc467\COMCTL32.dll
0x00007fffa0460000 - 0x00007fffa0503000 	C:\WINDOWS\System32\msvcrt.dll
0x00007fffa16f0000 - 0x00007fffa1721000 	C:\WINDOWS\System32\IMM32.DLL
0x00007fff9b420000 - 0x00007fff9b42c000 	c:\Users\grcor\.vscode\extensions\redhat.java-1.7.0-win32-x64\jre\17.0.3-win32-x86_64\bin\vcruntime140_1.dll
0x00007fff6d1c0000 - 0x00007fff6d251000 	c:\Users\grcor\.vscode\extensions\redhat.java-1.7.0-win32-x64\jre\17.0.3-win32-x86_64\bin\msvcp140.dll
0x00007fff5e320000 - 0x00007fff5ef68000 	c:\Users\grcor\.vscode\extensions\redhat.java-1.7.0-win32-x64\jre\17.0.3-win32-x86_64\bin\server\jvm.dll
0x00007fffa0290000 - 0x00007fffa033e000 	C:\WINDOWS\System32\ADVAPI32.dll
0x00007fff9f840000 - 0x00007fff9f8de000 	C:\WINDOWS\System32\sechost.dll
0x00007fffa0e80000 - 0x00007fffa0fa0000 	C:\WINDOWS\System32\RPCRT4.dll
0x00007fffa1030000 - 0x00007fffa1038000 	C:\WINDOWS\System32\PSAPI.DLL
0x00007fff9a1b0000 - 0x00007fff9a1b9000 	C:\WINDOWS\SYSTEM32\WSOCK32.dll
0x00007fffa01b0000 - 0x00007fffa021f000 	C:\WINDOWS\System32\WS2_32.dll
0x00007fff97850000 - 0x00007fff97883000 	C:\WINDOWS\SYSTEM32\WINMM.dll
0x00007fff905f0000 - 0x00007fff905fa000 	C:\WINDOWS\SYSTEM32\VERSION.dll
0x00007fff9e020000 - 0x00007fff9e038000 	C:\WINDOWS\SYSTEM32\kernel.appcore.dll
0x00007fff97240000 - 0x00007fff9724a000 	c:\Users\grcor\.vscode\extensions\redhat.java-1.7.0-win32-x64\jre\17.0.3-win32-x86_64\bin\jimage.dll
0x00007fff951d0000 - 0x00007fff953f1000 	C:\WINDOWS\SYSTEM32\DBGHELP.DLL
0x00007fff90e30000 - 0x00007fff90e61000 	C:\WINDOWS\SYSTEM32\dbgcore.DLL
0x00007fff9f410000 - 0x00007fff9f48f000 	C:\WINDOWS\System32\bcryptPrimitives.dll
0x00007fff96ab0000 - 0x00007fff96ad5000 	c:\Users\grcor\.vscode\extensions\redhat.java-1.7.0-win32-x64\jre\17.0.3-win32-x86_64\bin\java.dll
0x00007fff95c70000 - 0x00007fff95c88000 	c:\Users\grcor\.vscode\extensions\redhat.java-1.7.0-win32-x64\jre\17.0.3-win32-x86_64\bin\zip.dll
0x00007fffa06d0000 - 0x00007fffa0e7f000 	C:\WINDOWS\System32\SHELL32.dll
0x00007fff9cfb0000 - 0x00007fff9d818000 	C:\WINDOWS\SYSTEM32\windows.storage.dll
0x00007fffa1210000 - 0x00007fffa1588000 	C:\WINDOWS\System32\combase.dll
0x00007fff9ce40000 - 0x00007fff9cfa6000 	C:\WINDOWS\SYSTEM32\wintypes.dll
0x00007fffa1120000 - 0x00007fffa120a000 	C:\WINDOWS\System32\SHCORE.dll
0x00007fff9f7e0000 - 0x00007fff9f83d000 	C:\WINDOWS\System32\shlwapi.dll
0x00007fff9ed60000 - 0x00007fff9ed81000 	C:\WINDOWS\SYSTEM32\profapi.dll
0x00007fff94870000 - 0x00007fff94889000 	C:\Users\grcor\.vscode\extensions\redhat.java-1.7.0-win32-x64\jre\17.0.3-win32-x86_64\bin\net.dll
0x00007fff959a0000 - 0x00007fff95aac000 	C:\WINDOWS\SYSTEM32\WINHTTP.dll
0x00007fff9e450000 - 0x00007fff9e4b7000 	C:\WINDOWS\system32\mswsock.dll
0x00007fff92230000 - 0x00007fff92245000 	C:\Users\grcor\.vscode\extensions\redhat.java-1.7.0-win32-x64\jre\17.0.3-win32-x86_64\bin\nio.dll
0x00007fff9e6a0000 - 0x00007fff9e6b8000 	C:\WINDOWS\SYSTEM32\CRYPTSP.dll
0x00007fff9df80000 - 0x00007fff9dfb5000 	C:\WINDOWS\system32\rsaenh.dll
0x00007fff9e540000 - 0x00007fff9e569000 	C:\WINDOWS\SYSTEM32\USERENV.dll
0x00007fff9e810000 - 0x00007fff9e837000 	C:\WINDOWS\SYSTEM32\bcrypt.dll
0x00007fff9e690000 - 0x00007fff9e69c000 	C:\WINDOWS\SYSTEM32\CRYPTBASE.dll
0x00007fff9dbe0000 - 0x00007fff9dc0d000 	C:\WINDOWS\SYSTEM32\IPHLPAPI.DLL
0x00007fffa1590000 - 0x00007fffa1599000 	C:\WINDOWS\System32\NSI.dll
0x00007fff95b80000 - 0x00007fff95b99000 	C:\WINDOWS\SYSTEM32\dhcpcsvc6.DLL
0x00007fff97420000 - 0x00007fff9743e000 	C:\WINDOWS\SYSTEM32\dhcpcsvc.DLL
0x00007fff9dc10000 - 0x00007fff9dcf8000 	C:\WINDOWS\SYSTEM32\DNSAPI.dll
0x00007fff74370000 - 0x00007fff743ae000 	C:\Users\grcor\AppData\Roaming\Code\User\globalStorage\redhat.java\1.7.0\config_win\org.eclipse.equinox.launcher\org.eclipse.equinox.launcher.win32.win32.x86_64_1.2.400.v20211117-0650\eclipse_11602.dll
0x00007fff9fa50000 - 0x00007fff9fbea000 	C:\WINDOWS\System32\ole32.dll
0x00007fff9b440000 - 0x00007fff9b450000 	c:\Users\grcor\.vscode\extensions\redhat.java-1.7.0-win32-x64\jre\17.0.3-win32-x86_64\bin\verify.dll
0x00007fff754d0000 - 0x00007fff75514000 	C:\Users\grcor\AppData\Local\Temp\jna-98617531\jna13810625427016256611.dll

dbghelp: loaded successfully - version: 4.0.5 - missing functions: none
symbol engine: initialized successfully - sym options: 0x614 - pdb path: .;c:\Users\grcor\.vscode\extensions\redhat.java-1.7.0-win32-x64\jre\17.0.3-win32-x86_64\bin;C:\WINDOWS\SYSTEM32;C:\WINDOWS\WinSxS\amd64_microsoft.windows.common-controls_6595b64144ccf1df_6.0.22000.120_none_9d947278b86cc467;c:\Users\grcor\.vscode\extensions\redhat.java-1.7.0-win32-x64\jre\17.0.3-win32-x86_64\bin\server;C:\Users\grcor\AppData\Roaming\Code\User\globalStorage\redhat.java\1.7.0\config_win\org.eclipse.equinox.launcher\org.eclipse.equinox.launcher.win32.win32.x86_64_1.2.400.v20211117-0650;C:\Users\grcor\AppData\Local\Temp\jna-98617531

VM Arguments:
jvm_args: --add-modules=ALL-SYSTEM --add-opens=java.base/java.util=ALL-UNNAMED --add-opens=java.base/java.lang=ALL-UNNAMED --add-opens=java.base/sun.nio.fs=ALL-UNNAMED -Declipse.application=org.eclipse.jdt.ls.core.id1 -Dosgi.bundles.defaultStartLevel=4 -Declipse.product=org.eclipse.jdt.ls.core.product -Djava.import.generatesMetadataFilesAtProjectRoot=false -Dfile.encoding=utf8 -DwatchParentProcess=false -XX:+UseParallelGC -XX:GCTimeRatio=4 -XX:AdaptiveSizePolicyWeight=90 -Dsun.zip.disableMemoryMapping=true -Xmx1G -Xms100m -XX:+HeapDumpOnOutOfMemoryError -XX:HeapDumpPath=c:\Users\grcor\AppData\Roaming\Code\User\workspaceStorage\a9f7b8264992395997b1cde2720797f1\redhat.java 
java_command: c:\Users\grcor\.vscode\extensions\redhat.java-1.7.0-win32-x64\server\plugins\org.eclipse.equinox.launcher_1.6.400.v20210924-0641.jar -configuration c:\Users\grcor\AppData\Roaming\Code\User\globalStorage\redhat.java\1.7.0\config_win -data c:\Users\grcor\AppData\Roaming\Code\User\workspaceStorage\a9f7b8264992395997b1cde2720797f1\redhat.java\jdt_ws
java_class_path (initial): c:\Users\grcor\.vscode\extensions\redhat.java-1.7.0-win32-x64\server\plugins\org.eclipse.equinox.launcher_1.6.400.v20210924-0641.jar
Launcher Type: SUN_STANDARD

[Global flags]
    uintx AdaptiveSizePolicyWeight                 = 90                                        {product} {command line}
     intx CICompilerCount                          = 2                                         {product} {ergonomic}
    uintx GCTimeRatio                              = 4                                         {product} {command line}
     bool HeapDumpOnOutOfMemoryError               = true                                   {manageable} {command line}
    ccstr HeapDumpPath                             = c:\Users\grcor\AppData\Roaming\Code\User\workspaceStorage\a9f7b8264992395997b1cde2720797f1\redhat.java         {manageable} {command line}
   size_t InitialHeapSize                          = 104857600                                 {product} {command line}
   size_t MaxHeapSize                              = 1073741824                                {product} {command line}
   size_t MaxNewSize                               = 357564416                                 {product} {ergonomic}
   size_t MinHeapDeltaBytes                        = 524288                                    {product} {ergonomic}
   size_t MinHeapSize                              = 104857600                                 {product} {command line}
   size_t NewSize                                  = 34603008                                  {product} {ergonomic}
    uintx NonNMethodCodeHeapSize                   = 5826188                                {pd product} {ergonomic}
    uintx NonProfiledCodeHeapSize                  = 122916026                              {pd product} {ergonomic}
   size_t OldSize                                  = 70254592                                  {product} {ergonomic}
    uintx ProfiledCodeHeapSize                     = 122916026                              {pd product} {ergonomic}
    uintx ReservedCodeCacheSize                    = 251658240                              {pd product} {ergonomic}
     bool SegmentedCodeCache                       = true                                      {product} {ergonomic}
   size_t SoftMaxHeapSize                          = 1073741824                             {manageable} {ergonomic}
     bool UseCompressedClassPointers               = true                           {product lp64_product} {ergonomic}
     bool UseCompressedOops                        = true                           {product lp64_product} {ergonomic}
     bool UseLargePagesIndividualAllocation        = false                                  {pd product} {ergonomic}
     bool UseParallelGC                            = true                                      {product} {command line}

Logging:
Log output configuration:
 #0: stdout all=warning uptime,level,tags
 #1: stderr all=off uptime,level,tags

Environment Variables:
PATH=C:\Program Files\Eclipse Adoptium\jdk-17.0.3.7-hotspot\bin;C:\WINDOWS\system32;C:\WINDOWS;C:\WINDOWS\System32\Wbem;C:\WINDOWS\System32\WindowsPowerShell\v1.0\;C:\WINDOWS\System32\OpenSSH\;C:\Program Files\Git\cmd;C:\Users\grcor\AppData\Local\Microsoft\WindowsApps;C:\Users\grcor\AppData\Local\Programs\Microsoft VS Code\bin;C:\Users\grcor\AppData\Local\GitHubDesktop\bin
USERNAME=grcor
OS=Windows_NT
PROCESSOR_IDENTIFIER=Intel64 Family 6 Model 122 Stepping 1, GenuineIntel



---------------  S Y S T E M  ---------------

OS:
 Windows 11 , 64 bit Build 22000 (10.0.22000.675)
OS uptime: 25 days 21:57 hours

CPU: total 2 (initial active 2) (2 cores per cpu, 1 threads per core) family 6 model 122 stepping 1 microcode 0x34, cx8, cmov, fxsr, mmx, 3dnowpref, sse, sse2, sse3, ssse3, sse4.1, sse4.2, popcnt, tsc, tscinvbit, aes, erms, clmul, sha, clflush, clflushopt

Memory: 4k page, system-wide physical 3902M (231M free)
TotalPageFile size 11186M (AvailPageFile size 15M)
current process WorkingSet (physical memory assigned to process): 171M, peak: 171M
current process commit charge ("private bytes"): 243M, peak: 255M

vm_info: OpenJDK 64-Bit Server VM (17.0.3+7) for windows-amd64 JRE (17.0.3+7), built on Apr 19 2022 16:55:35 by "" with MS VC++ 16.7 (VS2019)

END.
